2022-05-23 14:18:10,699 INFO o.a.j.u.JMeterUtils: Setting Locale to en_EN
2022-05-23 14:18:10,718 INFO o.a.j.JMeter: Loading user properties from: /usr/local/Cellar/jmeter/5.4.3/libexec/bin/user.properties
2022-05-23 14:18:10,719 INFO o.a.j.JMeter: Loading system properties from: /usr/local/Cellar/jmeter/5.4.3/libexec/bin/system.properties
2022-05-23 14:18:10,727 INFO o.a.j.JMeter: Copyright (c) 1998-2021 The Apache Software Foundation
2022-05-23 14:18:10,727 INFO o.a.j.JMeter: Version 5.4.3
2022-05-23 14:18:10,727 INFO o.a.j.JMeter: java.version=1.8.0_292
2022-05-23 14:18:10,727 INFO o.a.j.JMeter: java.vm.name=OpenJDK 64-Bit Server VM
2022-05-23 14:18:10,727 INFO o.a.j.JMeter: os.name=Mac OS X
2022-05-23 14:18:10,727 INFO o.a.j.JMeter: os.arch=x86_64
2022-05-23 14:18:10,728 INFO o.a.j.JMeter: os.version=10.16
2022-05-23 14:18:10,728 INFO o.a.j.JMeter: file.encoding=UTF-8
2022-05-23 14:18:10,728 INFO o.a.j.JMeter: java.awt.headless=true
2022-05-23 14:18:10,728 INFO o.a.j.JMeter: Max memory     =1073741824
2022-05-23 14:18:10,728 INFO o.a.j.JMeter: Available Processors =8
2022-05-23 14:18:10,732 INFO o.a.j.JMeter: Default Locale=English (EN)
2022-05-23 14:18:10,733 INFO o.a.j.JMeter: JMeter  Locale=English (EN)
2022-05-23 14:18:10,733 INFO o.a.j.JMeter: JMeterHome=/usr/local/Cellar/jmeter/5.4.3/libexec
2022-05-23 14:18:10,733 INFO o.a.j.JMeter: user.dir  =/Users/gokhansimsek/Desktop/sidekick-load-testing/thundra-sidekick-petclinic-demo
2022-05-23 14:18:10,733 INFO o.a.j.JMeter: PWD       =/Users/gokhansimsek/Desktop/sidekick-load-testing/thundra-sidekick-petclinic-demo
2022-05-23 14:18:15,736 INFO o.a.j.JMeter: IP: 192.168.68.53 Name: gokhansimseks-MacBook-Pro.local FullName: 192.168.68.53
2022-05-23 14:18:15,741 INFO o.a.j.JMeter: Setting property 'jmeter.reportgenerator.outputdir' to:'/Users/gokhansimsek/Desktop/sidekick-load-testing/thundra-sidekick-petclinic-demo/./visualize_wth_tps'
2022-05-23 14:18:15,744 INFO o.a.j.s.FileServer: Default base='/Users/gokhansimsek/Desktop/sidekick-load-testing/thundra-sidekick-petclinic-demo'
2022-05-23 14:18:15,745 INFO o.a.j.s.FileServer: Set new base='/Users/gokhansimsek/Desktop/sidekick-load-testing/thundra-sidekick-petclinic-demo/petclinic-app/src/test/jmeter'
2022-05-23 14:18:15,866 INFO o.a.j.s.SaveService: Testplan (JMX) version: 2.2. Testlog (JTL) version: 2.2
2022-05-23 14:18:15,883 INFO o.a.j.s.SaveService: Using SaveService properties file encoding UTF-8
2022-05-23 14:18:15,887 INFO o.a.j.s.SaveService: Using SaveService properties version 5.0
2022-05-23 14:18:15,893 INFO o.a.j.s.SaveService: Loading file: petclinic-app/src/test/jmeter/petclinic_test_plan.jmx
2022-05-23 14:18:15,931 INFO o.a.j.p.h.c.CookieManager: Settings: Delete null: true Check: true Allow variable: true Save: false Prefix: COOKIE_
2022-05-23 14:18:15,947 INFO o.a.j.p.h.s.HTTPSamplerBase: Parser for text/html is org.apache.jmeter.protocol.http.parser.LagartoBasedHtmlParser
2022-05-23 14:18:15,947 INFO o.a.j.p.h.s.HTTPSamplerBase: Parser for application/xhtml+xml is org.apache.jmeter.protocol.http.parser.LagartoBasedHtmlParser
2022-05-23 14:18:15,947 INFO o.a.j.p.h.s.HTTPSamplerBase: Parser for application/xml is org.apache.jmeter.protocol.http.parser.LagartoBasedHtmlParser
2022-05-23 14:18:15,947 INFO o.a.j.p.h.s.HTTPSamplerBase: Parser for text/xml is org.apache.jmeter.protocol.http.parser.LagartoBasedHtmlParser
2022-05-23 14:18:15,947 INFO o.a.j.p.h.s.HTTPSamplerBase: Parser for text/vnd.wap.wml is org.apache.jmeter.protocol.http.parser.RegexpHTMLParser
2022-05-23 14:18:15,947 INFO o.a.j.p.h.s.HTTPSamplerBase: Parser for text/css is org.apache.jmeter.protocol.http.parser.CssParser
2022-05-23 14:18:15,995 INFO o.a.j.JMeter: Creating summariser <summary>
2022-05-23 14:18:15,999 INFO o.a.j.r.d.ReportGenerator: ReportGenerator will use for Parsing the separator: ','
2022-05-23 14:18:15,999 INFO o.a.j.r.d.ReportGenerator: Will generate report at end of test from  results file: ./visualize_wth_tps/testresult.jlt
2022-05-23 14:18:15,999 INFO o.a.j.r.d.ReportGenerator: Reading report generator properties from: /usr/local/Cellar/jmeter/5.4.3/libexec/bin/reportgenerator.properties
2022-05-23 14:18:16,000 INFO o.a.j.r.d.ReportGenerator: Merging with JMeter properties
2022-05-23 14:18:16,006 INFO o.a.j.r.c.ReportGeneratorConfiguration: Property 'jmeter.reportgenerator.temp_dir' not found, using default value 'temp' instead.
2022-05-23 14:18:16,009 INFO o.a.j.r.c.ReportGeneratorConfiguration: Property 'jmeter.reportgenerator.apdex_per_transaction' not found, using default value 'null' instead.
2022-05-23 14:18:16,009 INFO o.a.j.r.c.ReportGeneratorConfiguration: apdex_per_transaction is empty, not APDEX per transaction customization
2022-05-23 14:18:16,010 INFO o.a.j.r.c.ReportGeneratorConfiguration: Property 'jmeter.reportgenerator.sample_filter' not found, using default value 'null' instead.
2022-05-23 14:18:16,010 INFO o.a.j.r.c.ReportGeneratorConfiguration: Property 'jmeter.reportgenerator.report_title' not found, using default value 'null' instead.
2022-05-23 14:18:16,010 INFO o.a.j.r.c.ReportGeneratorConfiguration: Property 'jmeter.reportgenerator.start_date' not found, using default value 'null' instead.
2022-05-23 14:18:16,010 INFO o.a.j.r.c.ReportGeneratorConfiguration: Property 'jmeter.reportgenerator.end_date' not found, using default value 'null' instead.
2022-05-23 14:18:16,010 INFO o.a.j.r.c.ReportGeneratorConfiguration: Property 'jmeter.reportgenerator.date_format' not found, using default value 'null' instead.
2022-05-23 14:18:16,010 INFO o.a.j.r.c.ReportGeneratorConfiguration: Will use date range start date: null, end date: null
2022-05-23 14:18:16,016 INFO o.a.j.r.c.ReportGeneratorConfiguration: Property 'jmeter.reportgenerator.graph.totalTPS.exclude_controllers' not found, using default value 'false' instead.
2022-05-23 14:18:16,017 INFO o.a.j.r.c.ReportGeneratorConfiguration: Property 'jmeter.reportgenerator.graph.activeThreadsOverTime.exclude_controllers' not found, using default value 'false' instead.
2022-05-23 14:18:16,017 INFO o.a.j.r.c.ReportGeneratorConfiguration: Property 'jmeter.reportgenerator.graph.timeVsThreads.exclude_controllers' not found, using default value 'false' instead.
2022-05-23 14:18:16,017 INFO o.a.j.r.c.ReportGeneratorConfiguration: Property 'jmeter.reportgenerator.graph.responseTimeDistribution.exclude_controllers' not found, using default value 'false' instead.
2022-05-23 14:18:16,017 INFO o.a.j.r.c.ReportGeneratorConfiguration: Property 'jmeter.reportgenerator.graph.transactionsPerSecond.exclude_controllers' not found, using default value 'false' instead.
2022-05-23 14:18:16,017 INFO o.a.j.r.c.ReportGeneratorConfiguration: Property 'jmeter.reportgenerator.graph.responseTimePercentiles.exclude_controllers' not found, using default value 'false' instead.
2022-05-23 14:18:16,017 INFO o.a.j.r.c.ReportGeneratorConfiguration: Property 'jmeter.reportgenerator.graph.responseTimePercentilesOverTime.exclude_controllers' not found, using default value 'false' instead.
2022-05-23 14:18:16,018 INFO o.a.j.r.c.ReportGeneratorConfiguration: Property 'jmeter.reportgenerator.graph.responseTimesOverTime.exclude_controllers' not found, using default value 'false' instead.
2022-05-23 14:18:16,018 INFO o.a.j.r.c.ReportGeneratorConfiguration: Property 'jmeter.reportgenerator.graph.connectTimeOverTime.exclude_controllers' not found, using default value 'false' instead.
2022-05-23 14:18:16,018 INFO o.a.j.r.c.ReportGeneratorConfiguration: Property 'jmeter.reportgenerator.graph.latenciesOverTime.exclude_controllers' not found, using default value 'false' instead.
2022-05-23 14:18:16,019 INFO o.a.j.r.c.ReportGeneratorConfiguration: Property 'jmeter.reportgenerator.exporter.json.filters_only_sample_series' not found, using default value 'true' instead.
2022-05-23 14:18:16,019 INFO o.a.j.r.c.ReportGeneratorConfiguration: Property 'jmeter.reportgenerator.exporter.json.series_filter' not found, using default value '' instead.
2022-05-23 14:18:16,019 INFO o.a.j.r.c.ReportGeneratorConfiguration: Property 'jmeter.reportgenerator.exporter.json.show_controllers_only' not found, using default value 'false' instead.
2022-05-23 14:18:16,019 INFO o.a.j.r.c.ReportGeneratorConfiguration: Property 'jmeter.reportgenerator.exporter.html.filters_only_sample_series' not found, using default value 'true' instead.
2022-05-23 14:18:16,020 INFO o.a.j.r.c.ReportGeneratorConfiguration: Property 'jmeter.reportgenerator.exporter.html.series_filter' not found, using default value '' instead.
2022-05-23 14:18:16,020 INFO o.a.j.r.c.ReportGeneratorConfiguration: Property 'jmeter.reportgenerator.exporter.html.show_controllers_only' not found, using default value 'false' instead.
2022-05-23 14:18:16,024 INFO o.a.j.e.StandardJMeterEngine: Running the test!
2022-05-23 14:18:16,025 INFO o.a.j.s.SampleEvent: List of sample_variables: []
2022-05-23 14:18:16,025 INFO o.a.j.s.SampleEvent: List of sample_variables: []
2022-05-23 14:18:16,029 INFO o.a.j.e.u.CompoundVariable: Note: Function class names must contain the string: '.functions.'
2022-05-23 14:18:16,030 INFO o.a.j.e.u.CompoundVariable: Note: Function class names must not contain the string: '.gui.'
2022-05-23 14:18:16,379 INFO o.a.j.JMeter: Running test (1653304696379)
2022-05-23 14:18:16,413 INFO o.a.j.e.StandardJMeterEngine: Starting ThreadGroup: 1 : User threads
2022-05-23 14:18:16,413 INFO o.a.j.e.StandardJMeterEngine: Starting 500 threads for group User threads.
2022-05-23 14:18:16,413 INFO o.a.j.e.StandardJMeterEngine: Thread will continue on error
2022-05-23 14:18:16,413 INFO o.a.j.t.ThreadGroup: Starting thread group... number=1 threads=500 ramp-up=10 delayedStart=true
2022-05-23 14:18:16,414 INFO o.a.j.t.ThreadGroup: Started thread group number 1
2022-05-23 14:18:16,414 INFO o.a.j.e.StandardJMeterEngine: All thread groups have been started
2022-05-23 14:18:16,423 INFO o.a.j.t.JMeterThread: Thread started: User threads 1-1
2022-05-23 14:18:16,446 INFO o.a.j.t.JMeterThread: Thread started: User threads 1-2
2022-05-23 14:18:16,473 INFO o.a.j.t.JMeterThread: Thread started: User threads 1-3
2022-05-23 14:18:16,495 INFO o.a.j.t.JMeterThread: Thread started: User threads 1-4
2022-05-23 14:18:16,520 INFO o.a.j.t.JMeterThread: Thread started: User threads 1-5
2022-05-23 14:18:16,546 INFO o.a.j.t.JMeterThread: Thread started: User threads 1-6
2022-05-23 14:18:16,571 INFO o.a.j.t.JMeterThread: Thread started: User threads 1-7
2022-05-23 14:18:16,596 INFO o.a.j.t.JMeterThread: Thread started: User threads 1-8
2022-05-23 14:18:16,622 INFO o.a.j.t.JMeterThread: Thread started: User threads 1-9
2022-05-23 14:18:16,649 INFO o.a.j.t.JMeterThread: Thread started: User threads 1-10
2022-05-23 14:18:16,676 INFO o.a.j.t.JMeterThread: Thread started: User threads 1-11
2022-05-23 14:18:16,698 INFO o.a.j.t.JMeterThread: Thread started: User threads 1-12
2022-05-23 14:18:16,722 INFO o.a.j.t.JMeterThread: Thread started: User threads 1-13
2022-05-23 14:18:16,743 INFO o.a.j.p.h.s.HTTPHCAbstractImpl: Local host = gokhansimseks-MacBook-Pro.local
2022-05-23 14:18:16,745 INFO o.a.j.t.JMeterThread: Thread started: User threads 1-14
2022-05-23 14:18:16,749 INFO o.a.j.p.h.s.HTTPHC4Impl: HTTP request retry count = 0
2022-05-23 14:18:16,751 INFO o.a.j.s.SampleResult: Note: Sample TimeStamps are START times
2022-05-23 14:18:16,751 INFO o.a.j.s.SampleResult: sampleresult.default.encoding is set to ISO-8859-1
2022-05-23 14:18:16,751 INFO o.a.j.s.SampleResult: sampleresult.useNanoTime=true
2022-05-23 14:18:16,751 INFO o.a.j.s.SampleResult: sampleresult.nanoThreadSleep=5000
2022-05-23 14:18:16,766 INFO o.a.j.t.JMeterThread: Thread started: User threads 1-15
2022-05-23 14:18:16,789 INFO o.a.j.t.JMeterThread: Thread started: User threads 1-16
2022-05-23 14:18:16,812 INFO o.a.j.t.JMeterThread: Thread started: User threads 1-17
2022-05-23 14:18:16,835 INFO o.a.j.t.JMeterThread: Thread started: User threads 1-18
2022-05-23 14:18:16,858 INFO o.a.j.t.JMeterThread: Thread started: User threads 1-19
2022-05-23 14:18:16,880 INFO o.a.j.t.JMeterThread: Thread started: User threads 1-20
2022-05-23 14:18:16,900 INFO o.a.j.t.JMeterThread: Thread started: User threads 1-21
2022-05-23 14:18:16,921 INFO o.a.j.t.JMeterThread: Thread started: User threads 1-22
2022-05-23 14:18:16,943 INFO o.a.j.t.JMeterThread: Thread started: User threads 1-23
2022-05-23 14:18:16,964 INFO o.a.j.t.JMeterThread: Thread started: User threads 1-24
2022-05-23 14:18:16,988 INFO o.a.j.t.JMeterThread: Thread started: User threads 1-25
2022-05-23 14:18:17,011 INFO o.a.j.t.JMeterThread: Thread started: User threads 1-26
2022-05-23 14:18:17,033 INFO o.a.j.t.JMeterThread: Thread started: User threads 1-27
2022-05-23 14:18:17,055 INFO o.a.j.t.JMeterThread: Thread started: User threads 1-28
2022-05-23 14:18:17,076 INFO o.a.j.t.JMeterThread: Thread started: User threads 1-29
2022-05-23 14:18:17,099 INFO o.a.j.t.JMeterThread: Thread started: User threads 1-30
2022-05-23 14:18:17,121 INFO o.a.j.t.JMeterThread: Thread started: User threads 1-31
2022-05-23 14:18:17,143 INFO o.a.j.t.JMeterThread: Thread started: User threads 1-32
2022-05-23 14:18:17,165 INFO o.a.j.t.JMeterThread: Thread started: User threads 1-33
2022-05-23 14:18:17,188 INFO o.a.j.t.JMeterThread: Thread started: User threads 1-34
2022-05-23 14:18:17,209 INFO o.a.j.t.JMeterThread: Thread started: User threads 1-35
2022-05-23 14:18:17,231 INFO o.a.j.t.JMeterThread: Thread started: User threads 1-36
2022-05-23 14:18:17,255 INFO o.a.j.t.JMeterThread: Thread started: User threads 1-37
2022-05-23 14:18:17,275 INFO o.a.j.t.JMeterThread: Thread started: User threads 1-38
2022-05-23 14:18:17,298 INFO o.a.j.t.JMeterThread: Thread started: User threads 1-39
2022-05-23 14:18:17,319 INFO o.a.j.t.JMeterThread: Thread started: User threads 1-40
2022-05-23 14:18:17,340 INFO o.a.j.t.JMeterThread: Thread started: User threads 1-41
2022-05-23 14:18:17,360 INFO o.a.j.t.JMeterThread: Thread started: User threads 1-42
2022-05-23 14:18:17,385 INFO o.a.j.t.JMeterThread: Thread started: User threads 1-43
2022-05-23 14:18:17,406 INFO o.a.j.t.JMeterThread: Thread started: User threads 1-44
2022-05-23 14:18:17,429 INFO o.a.j.t.JMeterThread: Thread started: User threads 1-45
2022-05-23 14:18:17,450 INFO o.a.j.t.JMeterThread: Thread started: User threads 1-46
2022-05-23 14:18:17,472 INFO o.a.j.t.JMeterThread: Thread started: User threads 1-47
2022-05-23 14:18:17,493 INFO o.a.j.t.JMeterThread: Thread started: User threads 1-48
2022-05-23 14:18:17,515 INFO o.a.j.t.JMeterThread: Thread started: User threads 1-49
2022-05-23 14:18:17,538 INFO o.a.j.t.JMeterThread: Thread started: User threads 1-50
2022-05-23 14:18:17,560 INFO o.a.j.t.JMeterThread: Thread started: User threads 1-51
2022-05-23 14:18:17,584 INFO o.a.j.t.JMeterThread: Thread started: User threads 1-52
2022-05-23 14:18:17,604 INFO o.a.j.t.JMeterThread: Thread started: User threads 1-53
2022-05-23 14:18:17,625 INFO o.a.j.t.JMeterThread: Thread started: User threads 1-54
2022-05-23 14:18:17,646 INFO o.a.j.t.JMeterThread: Thread started: User threads 1-55
2022-05-23 14:18:17,667 INFO o.a.j.t.JMeterThread: Thread started: User threads 1-56
2022-05-23 14:18:17,691 INFO o.a.j.t.JMeterThread: Thread started: User threads 1-57
2022-05-23 14:18:17,714 INFO o.a.j.t.JMeterThread: Thread started: User threads 1-58
2022-05-23 14:18:17,735 INFO o.a.j.t.JMeterThread: Thread started: User threads 1-59
2022-05-23 14:18:17,756 INFO o.a.j.t.JMeterThread: Thread started: User threads 1-60
2022-05-23 14:18:17,777 INFO o.a.j.t.JMeterThread: Thread started: User threads 1-61
2022-05-23 14:18:17,799 INFO o.a.j.t.JMeterThread: Thread started: User threads 1-62
2022-05-23 14:18:17,821 INFO o.a.j.t.JMeterThread: Thread started: User threads 1-63
2022-05-23 14:18:17,842 INFO o.a.j.t.JMeterThread: Thread started: User threads 1-64
2022-05-23 14:18:17,864 INFO o.a.j.t.JMeterThread: Thread started: User threads 1-65
2022-05-23 14:18:17,889 INFO o.a.j.t.JMeterThread: Thread started: User threads 1-66
2022-05-23 14:18:17,911 INFO o.a.j.t.JMeterThread: Thread started: User threads 1-67
2022-05-23 14:18:17,935 INFO o.a.j.t.JMeterThread: Thread started: User threads 1-68
2022-05-23 14:18:17,956 INFO o.a.j.t.JMeterThread: Thread started: User threads 1-69
2022-05-23 14:18:17,977 INFO o.a.j.t.JMeterThread: Thread started: User threads 1-70
2022-05-23 14:18:17,998 INFO o.a.j.t.JMeterThread: Thread started: User threads 1-71
2022-05-23 14:18:18,019 INFO o.a.j.t.JMeterThread: Thread started: User threads 1-72
2022-05-23 14:18:18,041 INFO o.a.j.t.JMeterThread: Thread started: User threads 1-73
2022-05-23 14:18:18,062 INFO o.a.j.t.JMeterThread: Thread started: User threads 1-74
2022-05-23 14:18:18,084 INFO o.a.j.t.JMeterThread: Thread started: User threads 1-75
2022-05-23 14:18:18,106 INFO o.a.j.t.JMeterThread: Thread started: User threads 1-76
2022-05-23 14:18:18,126 INFO o.a.j.t.JMeterThread: Thread started: User threads 1-77
2022-05-23 14:18:18,148 INFO o.a.j.t.JMeterThread: Thread started: User threads 1-78
2022-05-23 14:18:18,169 INFO o.a.j.t.JMeterThread: Thread started: User threads 1-79
2022-05-23 14:18:18,191 INFO o.a.j.t.JMeterThread: Thread started: User threads 1-80
2022-05-23 14:18:18,212 INFO o.a.j.t.JMeterThread: Thread started: User threads 1-81
2022-05-23 14:18:18,235 INFO o.a.j.t.JMeterThread: Thread started: User threads 1-82
2022-05-23 14:18:18,257 INFO o.a.j.t.JMeterThread: Thread started: User threads 1-83
2022-05-23 14:18:18,281 INFO o.a.j.t.JMeterThread: Thread started: User threads 1-84
2022-05-23 14:18:18,304 INFO o.a.j.t.JMeterThread: Thread started: User threads 1-85
2022-05-23 14:18:18,325 INFO o.a.j.t.JMeterThread: Thread started: User threads 1-86
2022-05-23 14:18:18,351 INFO o.a.j.t.JMeterThread: Thread started: User threads 1-87
2022-05-23 14:18:18,375 INFO o.a.j.t.JMeterThread: Thread started: User threads 1-88
2022-05-23 14:18:18,396 INFO o.a.j.t.JMeterThread: Thread started: User threads 1-89
2022-05-23 14:18:18,416 INFO o.a.j.t.JMeterThread: Thread started: User threads 1-90
2022-05-23 14:18:18,437 INFO o.a.j.t.JMeterThread: Thread started: User threads 1-91
2022-05-23 14:18:18,462 INFO o.a.j.t.JMeterThread: Thread started: User threads 1-92
2022-05-23 14:18:18,482 INFO o.a.j.t.JMeterThread: Thread started: User threads 1-93
2022-05-23 14:18:18,502 INFO o.a.j.t.JMeterThread: Thread started: User threads 1-94
2022-05-23 14:18:18,521 INFO o.a.j.t.JMeterThread: Thread started: User threads 1-95
2022-05-23 14:18:18,543 INFO o.a.j.t.JMeterThread: Thread started: User threads 1-96
2022-05-23 14:18:18,563 INFO o.a.j.t.JMeterThread: Thread started: User threads 1-97
2022-05-23 14:18:18,586 INFO o.a.j.t.JMeterThread: Thread started: User threads 1-98
2022-05-23 14:18:18,611 INFO o.a.j.t.JMeterThread: Thread started: User threads 1-99
2022-05-23 14:18:18,634 INFO o.a.j.t.JMeterThread: Thread started: User threads 1-100
2022-05-23 14:18:18,654 INFO o.a.j.t.JMeterThread: Thread started: User threads 1-101
2022-05-23 14:18:18,675 INFO o.a.j.t.JMeterThread: Thread started: User threads 1-102
2022-05-23 14:18:18,696 INFO o.a.j.t.JMeterThread: Thread started: User threads 1-103
2022-05-23 14:18:18,720 INFO o.a.j.t.JMeterThread: Thread started: User threads 1-104
2022-05-23 14:18:18,742 INFO o.a.j.t.JMeterThread: Thread started: User threads 1-105
2022-05-23 14:18:18,765 INFO o.a.j.t.JMeterThread: Thread started: User threads 1-106
2022-05-23 14:18:18,785 INFO o.a.j.t.JMeterThread: Thread started: User threads 1-107
2022-05-23 14:18:18,808 INFO o.a.j.t.JMeterThread: Thread started: User threads 1-108
2022-05-23 14:18:18,828 INFO o.a.j.t.JMeterThread: Thread started: User threads 1-109
2022-05-23 14:18:18,849 INFO o.a.j.t.JMeterThread: Thread started: User threads 1-110
2022-05-23 14:18:18,869 INFO o.a.j.t.JMeterThread: Thread started: User threads 1-111
2022-05-23 14:18:18,889 INFO o.a.j.t.JMeterThread: Thread started: User threads 1-112
2022-05-23 14:18:18,912 INFO o.a.j.t.JMeterThread: Thread started: User threads 1-113
2022-05-23 14:18:18,936 INFO o.a.j.t.JMeterThread: Thread started: User threads 1-114
2022-05-23 14:18:18,956 INFO o.a.j.t.JMeterThread: Thread started: User threads 1-115
2022-05-23 14:18:18,978 INFO o.a.j.t.JMeterThread: Thread started: User threads 1-116
2022-05-23 14:18:18,998 INFO o.a.j.t.JMeterThread: Thread started: User threads 1-117
2022-05-23 14:18:19,022 INFO o.a.j.t.JMeterThread: Thread started: User threads 1-118
2022-05-23 14:18:19,043 INFO o.a.j.t.JMeterThread: Thread started: User threads 1-119
2022-05-23 14:18:19,064 INFO o.a.j.t.JMeterThread: Thread started: User threads 1-120
2022-05-23 14:18:19,084 INFO o.a.j.t.JMeterThread: Thread started: User threads 1-121
2022-05-23 14:18:19,105 INFO o.a.j.t.JMeterThread: Thread started: User threads 1-122
2022-05-23 14:18:19,127 INFO o.a.j.t.JMeterThread: Thread started: User threads 1-123
2022-05-23 14:18:19,147 INFO o.a.j.t.JMeterThread: Thread started: User threads 1-124
2022-05-23 14:18:19,167 INFO o.a.j.t.JMeterThread: Thread started: User threads 1-125
2022-05-23 14:18:19,187 INFO o.a.j.t.JMeterThread: Thread started: User threads 1-126
2022-05-23 14:18:19,209 INFO o.a.j.t.JMeterThread: Thread started: User threads 1-127
2022-05-23 14:18:19,229 INFO o.a.j.t.JMeterThread: Thread started: User threads 1-128
2022-05-23 14:18:19,249 INFO o.a.j.t.JMeterThread: Thread started: User threads 1-129
2022-05-23 14:18:19,270 INFO o.a.j.t.JMeterThread: Thread started: User threads 1-130
2022-05-23 14:18:19,291 INFO o.a.j.t.JMeterThread: Thread started: User threads 1-131
2022-05-23 14:18:19,311 INFO o.a.j.t.JMeterThread: Thread started: User threads 1-132
2022-05-23 14:18:19,331 INFO o.a.j.t.JMeterThread: Thread started: User threads 1-133
2022-05-23 14:18:19,350 INFO o.a.j.t.JMeterThread: Thread started: User threads 1-134
2022-05-23 14:18:19,370 INFO o.a.j.t.JMeterThread: Thread started: User threads 1-135
2022-05-23 14:18:19,392 INFO o.a.j.t.JMeterThread: Thread started: User threads 1-136
2022-05-23 14:18:19,413 INFO o.a.j.t.JMeterThread: Thread started: User threads 1-137
2022-05-23 14:18:19,432 INFO o.a.j.t.JMeterThread: Thread started: User threads 1-138
2022-05-23 14:18:19,452 INFO o.a.j.t.JMeterThread: Thread started: User threads 1-139
2022-05-23 14:18:19,472 INFO o.a.j.t.JMeterThread: Thread started: User threads 1-140
2022-05-23 14:18:19,493 INFO o.a.j.t.JMeterThread: Thread started: User threads 1-141
2022-05-23 14:18:19,515 INFO o.a.j.t.JMeterThread: Thread started: User threads 1-142
2022-05-23 14:18:19,534 INFO o.a.j.t.JMeterThread: Thread started: User threads 1-143
2022-05-23 14:18:19,554 INFO o.a.j.t.JMeterThread: Thread started: User threads 1-144
2022-05-23 14:18:19,575 INFO o.a.j.t.JMeterThread: Thread started: User threads 1-145
2022-05-23 14:18:19,595 INFO o.a.j.t.JMeterThread: Thread started: User threads 1-146
2022-05-23 14:18:19,615 INFO o.a.j.t.JMeterThread: Thread started: User threads 1-147
2022-05-23 14:18:19,636 INFO o.a.j.t.JMeterThread: Thread started: User threads 1-148
2022-05-23 14:18:19,655 INFO o.a.j.t.JMeterThread: Thread started: User threads 1-149
2022-05-23 14:18:19,677 INFO o.a.j.t.JMeterThread: Thread started: User threads 1-150
2022-05-23 14:18:19,696 INFO o.a.j.t.JMeterThread: Thread started: User threads 1-151
2022-05-23 14:18:19,717 INFO o.a.j.t.JMeterThread: Thread started: User threads 1-152
2022-05-23 14:18:19,759 INFO o.a.j.t.JMeterThread: Thread started: User threads 1-153
2022-05-23 14:18:19,761 INFO o.a.j.t.JMeterThread: Thread started: User threads 1-154
2022-05-23 14:18:19,783 INFO o.a.j.t.JMeterThread: Thread started: User threads 1-155
2022-05-23 14:18:19,803 INFO o.a.j.t.JMeterThread: Thread started: User threads 1-156
2022-05-23 14:18:19,822 INFO o.a.j.t.JMeterThread: Thread started: User threads 1-157
2022-05-23 14:18:19,845 INFO o.a.j.t.JMeterThread: Thread started: User threads 1-158
2022-05-23 14:18:19,865 INFO o.a.j.t.JMeterThread: Thread started: User threads 1-159
2022-05-23 14:18:19,888 INFO o.a.j.t.JMeterThread: Thread started: User threads 1-160
2022-05-23 14:18:19,907 INFO o.a.j.t.JMeterThread: Thread started: User threads 1-161
2022-05-23 14:18:19,927 INFO o.a.j.t.JMeterThread: Thread started: User threads 1-162
2022-05-23 14:18:19,947 INFO o.a.j.t.JMeterThread: Thread started: User threads 1-163
2022-05-23 14:18:19,968 INFO o.a.j.t.JMeterThread: Thread started: User threads 1-164
2022-05-23 14:18:19,989 INFO o.a.j.t.JMeterThread: Thread started: User threads 1-165
2022-05-23 14:18:20,011 INFO o.a.j.t.JMeterThread: Thread started: User threads 1-166
2022-05-23 14:18:20,034 INFO o.a.j.t.JMeterThread: Thread started: User threads 1-167
2022-05-23 14:18:20,056 INFO o.a.j.t.JMeterThread: Thread started: User threads 1-168
2022-05-23 14:18:20,076 INFO o.a.j.t.JMeterThread: Thread started: User threads 1-169
2022-05-23 14:18:20,096 INFO o.a.j.t.JMeterThread: Thread started: User threads 1-170
2022-05-23 14:18:20,119 INFO o.a.j.t.JMeterThread: Thread started: User threads 1-171
2022-05-23 14:18:20,139 INFO o.a.j.t.JMeterThread: Thread started: User threads 1-172
2022-05-23 14:18:20,160 INFO o.a.j.t.JMeterThread: Thread started: User threads 1-173
2022-05-23 14:18:20,182 INFO o.a.j.t.JMeterThread: Thread started: User threads 1-174
2022-05-23 14:18:20,202 INFO o.a.j.t.JMeterThread: Thread started: User threads 1-175
2022-05-23 14:18:20,222 INFO o.a.j.t.JMeterThread: Thread started: User threads 1-176
2022-05-23 14:18:20,242 INFO o.a.j.t.JMeterThread: Thread started: User threads 1-177
2022-05-23 14:18:20,264 INFO o.a.j.t.JMeterThread: Thread started: User threads 1-178
2022-05-23 14:18:20,285 INFO o.a.j.t.JMeterThread: Thread started: User threads 1-179
2022-05-23 14:18:20,304 INFO o.a.j.t.JMeterThread: Thread started: User threads 1-180
2022-05-23 14:18:20,324 INFO o.a.j.t.JMeterThread: Thread started: User threads 1-181
2022-05-23 14:18:20,345 INFO o.a.j.t.JMeterThread: Thread started: User threads 1-182
2022-05-23 14:18:20,366 INFO o.a.j.t.JMeterThread: Thread started: User threads 1-183
2022-05-23 14:18:20,386 INFO o.a.j.t.JMeterThread: Thread started: User threads 1-184
2022-05-23 14:18:20,406 INFO o.a.j.t.JMeterThread: Thread started: User threads 1-185
2022-05-23 14:18:20,429 INFO o.a.j.t.JMeterThread: Thread started: User threads 1-186
2022-05-23 14:18:20,451 INFO o.a.j.t.JMeterThread: Thread started: User threads 1-187
2022-05-23 14:18:20,471 INFO o.a.j.t.JMeterThread: Thread started: User threads 1-188
2022-05-23 14:18:20,493 INFO o.a.j.t.JMeterThread: Thread started: User threads 1-189
2022-05-23 14:18:20,512 INFO o.a.j.t.JMeterThread: Thread started: User threads 1-190
2022-05-23 14:18:20,533 INFO o.a.j.t.JMeterThread: Thread started: User threads 1-191
2022-05-23 14:18:20,554 INFO o.a.j.t.JMeterThread: Thread started: User threads 1-192
2022-05-23 14:18:20,577 INFO o.a.j.t.JMeterThread: Thread started: User threads 1-193
2022-05-23 14:18:20,598 INFO o.a.j.t.JMeterThread: Thread started: User threads 1-194
2022-05-23 14:18:20,619 INFO o.a.j.t.JMeterThread: Thread started: User threads 1-195
2022-05-23 14:18:20,643 INFO o.a.j.t.JMeterThread: Thread started: User threads 1-196
2022-05-23 14:18:20,666 INFO o.a.j.t.JMeterThread: Thread started: User threads 1-197
2022-05-23 14:18:20,688 INFO o.a.j.t.JMeterThread: Thread started: User threads 1-198
2022-05-23 14:18:20,708 INFO o.a.j.t.JMeterThread: Thread started: User threads 1-199
2022-05-23 14:18:20,731 INFO o.a.j.t.JMeterThread: Thread started: User threads 1-200
2022-05-23 14:18:20,753 INFO o.a.j.t.JMeterThread: Thread started: User threads 1-201
2022-05-23 14:18:20,775 INFO o.a.j.t.JMeterThread: Thread started: User threads 1-202
2022-05-23 14:18:20,796 INFO o.a.j.t.JMeterThread: Thread started: User threads 1-203
2022-05-23 14:18:20,817 INFO o.a.j.t.JMeterThread: Thread started: User threads 1-204
2022-05-23 14:18:20,837 INFO o.a.j.t.JMeterThread: Thread started: User threads 1-205
2022-05-23 14:18:20,858 INFO o.a.j.t.JMeterThread: Thread started: User threads 1-206
2022-05-23 14:18:20,879 INFO o.a.j.t.JMeterThread: Thread started: User threads 1-207
2022-05-23 14:18:20,901 INFO o.a.j.t.JMeterThread: Thread started: User threads 1-208
2022-05-23 14:18:20,921 INFO o.a.j.t.JMeterThread: Thread started: User threads 1-209
2022-05-23 14:18:20,963 INFO o.a.j.t.JMeterThread: Thread started: User threads 1-210
2022-05-23 14:18:20,983 INFO o.a.j.t.JMeterThread: Thread started: User threads 1-211
2022-05-23 14:18:21,007 INFO o.a.j.t.JMeterThread: Thread started: User threads 1-212
2022-05-23 14:18:21,028 INFO o.a.j.t.JMeterThread: Thread started: User threads 1-213
2022-05-23 14:18:21,049 INFO o.a.j.t.JMeterThread: Thread started: User threads 1-214
2022-05-23 14:18:21,070 INFO o.a.j.t.JMeterThread: Thread started: User threads 1-215
2022-05-23 14:18:21,090 INFO o.a.j.t.JMeterThread: Thread started: User threads 1-216
2022-05-23 14:18:21,109 INFO o.a.j.t.JMeterThread: Thread started: User threads 1-217
2022-05-23 14:18:21,129 INFO o.a.j.t.JMeterThread: Thread started: User threads 1-218
2022-05-23 14:18:21,150 INFO o.a.j.t.JMeterThread: Thread started: User threads 1-219
2022-05-23 14:18:21,170 INFO o.a.j.t.JMeterThread: Thread started: User threads 1-220
2022-05-23 14:18:21,194 INFO o.a.j.t.JMeterThread: Thread started: User threads 1-221
2022-05-23 14:18:21,214 INFO o.a.j.t.JMeterThread: Thread started: User threads 1-222
2022-05-23 14:18:21,236 INFO o.a.j.t.JMeterThread: Thread started: User threads 1-223
2022-05-23 14:18:21,255 INFO o.a.j.t.JMeterThread: Thread started: User threads 1-224
2022-05-23 14:18:21,278 INFO o.a.j.t.JMeterThread: Thread started: User threads 1-225
2022-05-23 14:18:21,298 INFO o.a.j.t.JMeterThread: Thread started: User threads 1-226
2022-05-23 14:18:21,318 INFO o.a.j.t.JMeterThread: Thread started: User threads 1-227
2022-05-23 14:18:21,338 INFO o.a.j.t.JMeterThread: Thread started: User threads 1-228
2022-05-23 14:18:21,358 INFO o.a.j.t.JMeterThread: Thread started: User threads 1-229
2022-05-23 14:18:21,378 INFO o.a.j.t.JMeterThread: Thread started: User threads 1-230
2022-05-23 14:18:21,397 INFO o.a.j.t.JMeterThread: Thread started: User threads 1-231
2022-05-23 14:18:21,420 INFO o.a.j.t.JMeterThread: Thread started: User threads 1-232
2022-05-23 14:18:21,442 INFO o.a.j.t.JMeterThread: Thread started: User threads 1-233
2022-05-23 14:18:21,466 INFO o.a.j.t.JMeterThread: Thread started: User threads 1-234
2022-05-23 14:18:21,489 INFO o.a.j.t.JMeterThread: Thread started: User threads 1-235
2022-05-23 14:18:21,509 INFO o.a.j.t.JMeterThread: Thread started: User threads 1-236
2022-05-23 14:18:21,531 INFO o.a.j.t.JMeterThread: Thread started: User threads 1-237
2022-05-23 14:18:21,551 INFO o.a.j.t.JMeterThread: Thread started: User threads 1-238
2022-05-23 14:18:21,571 INFO o.a.j.t.JMeterThread: Thread started: User threads 1-239
2022-05-23 14:18:21,593 INFO o.a.j.t.JMeterThread: Thread started: User threads 1-240
2022-05-23 14:18:21,612 INFO o.a.j.t.JMeterThread: Thread started: User threads 1-241
2022-05-23 14:18:21,631 INFO o.a.j.t.JMeterThread: Thread started: User threads 1-242
2022-05-23 14:18:21,654 INFO o.a.j.t.JMeterThread: Thread started: User threads 1-243
2022-05-23 14:18:21,676 INFO o.a.j.t.JMeterThread: Thread started: User threads 1-244
2022-05-23 14:18:21,697 INFO o.a.j.t.JMeterThread: Thread started: User threads 1-245
2022-05-23 14:18:21,716 INFO o.a.j.t.JMeterThread: Thread started: User threads 1-246
2022-05-23 14:18:21,735 INFO o.a.j.t.JMeterThread: Thread started: User threads 1-247
2022-05-23 14:18:21,753 INFO o.a.j.t.JMeterThread: Thread started: User threads 1-248
2022-05-23 14:18:21,773 INFO o.a.j.t.JMeterThread: Thread started: User threads 1-249
2022-05-23 14:18:21,793 INFO o.a.j.t.JMeterThread: Thread started: User threads 1-250
2022-05-23 14:18:21,815 INFO o.a.j.t.JMeterThread: Thread started: User threads 1-251
2022-05-23 14:18:21,834 INFO o.a.j.t.JMeterThread: Thread started: User threads 1-252
2022-05-23 14:18:21,857 INFO o.a.j.t.JMeterThread: Thread started: User threads 1-253
2022-05-23 14:18:21,876 INFO o.a.j.t.JMeterThread: Thread started: User threads 1-254
2022-05-23 14:18:21,898 INFO o.a.j.t.JMeterThread: Thread started: User threads 1-255
2022-05-23 14:18:21,917 INFO o.a.j.t.JMeterThread: Thread started: User threads 1-256
2022-05-23 14:18:21,936 INFO o.a.j.t.JMeterThread: Thread started: User threads 1-257
2022-05-23 14:18:21,955 INFO o.a.j.t.JMeterThread: Thread started: User threads 1-258
2022-05-23 14:18:21,975 INFO o.a.j.t.JMeterThread: Thread started: User threads 1-259
2022-05-23 14:18:21,996 INFO o.a.j.t.JMeterThread: Thread started: User threads 1-260
2022-05-23 14:18:22,016 INFO o.a.j.t.JMeterThread: Thread started: User threads 1-261
2022-05-23 14:18:22,036 INFO o.a.j.t.JMeterThread: Thread started: User threads 1-262
2022-05-23 14:18:22,055 INFO o.a.j.t.JMeterThread: Thread started: User threads 1-263
2022-05-23 14:18:22,074 INFO o.a.j.t.JMeterThread: Thread started: User threads 1-264
2022-05-23 14:18:22,094 INFO o.a.j.t.JMeterThread: Thread started: User threads 1-265
2022-05-23 14:18:22,113 INFO o.a.j.t.JMeterThread: Thread started: User threads 1-266
2022-05-23 14:18:22,134 INFO o.a.j.t.JMeterThread: Thread started: User threads 1-267
2022-05-23 14:18:22,152 INFO o.a.j.t.JMeterThread: Thread started: User threads 1-268
2022-05-23 14:18:22,173 INFO o.a.j.t.JMeterThread: Thread started: User threads 1-269
2022-05-23 14:18:22,193 INFO o.a.j.t.JMeterThread: Thread started: User threads 1-270
2022-05-23 14:18:22,213 INFO o.a.j.t.JMeterThread: Thread started: User threads 1-271
2022-05-23 14:18:22,232 INFO o.a.j.t.JMeterThread: Thread started: User threads 1-272
2022-05-23 14:18:22,251 INFO o.a.j.t.JMeterThread: Thread started: User threads 1-273
2022-05-23 14:18:22,273 INFO o.a.j.t.JMeterThread: Thread started: User threads 1-274
2022-05-23 14:18:22,296 INFO o.a.j.t.JMeterThread: Thread started: User threads 1-275
2022-05-23 14:18:22,316 INFO o.a.j.t.JMeterThread: Thread started: User threads 1-276
2022-05-23 14:18:22,335 INFO o.a.j.t.JMeterThread: Thread started: User threads 1-277
2022-05-23 14:18:22,353 INFO o.a.j.t.JMeterThread: Thread started: User threads 1-278
2022-05-23 14:18:22,373 INFO o.a.j.t.JMeterThread: Thread started: User threads 1-279
2022-05-23 14:18:22,394 INFO o.a.j.t.JMeterThread: Thread started: User threads 1-280
2022-05-23 14:18:22,413 INFO o.a.j.t.JMeterThread: Thread started: User threads 1-281
2022-05-23 14:18:22,435 INFO o.a.j.t.JMeterThread: Thread started: User threads 1-282
2022-05-23 14:18:22,455 INFO o.a.j.t.JMeterThread: Thread started: User threads 1-283
2022-05-23 14:18:22,478 INFO o.a.j.t.JMeterThread: Thread started: User threads 1-284
2022-05-23 14:18:22,498 INFO o.a.j.t.JMeterThread: Thread started: User threads 1-285
2022-05-23 14:18:22,517 INFO o.a.j.t.JMeterThread: Thread started: User threads 1-286
2022-05-23 14:18:22,536 INFO o.a.j.t.JMeterThread: Thread started: User threads 1-287
2022-05-23 14:18:22,555 INFO o.a.j.t.JMeterThread: Thread started: User threads 1-288
2022-05-23 14:18:22,578 INFO o.a.j.t.JMeterThread: Thread started: User threads 1-289
2022-05-23 14:18:22,600 INFO o.a.j.t.JMeterThread: Thread started: User threads 1-290
2022-05-23 14:18:22,619 INFO o.a.j.t.JMeterThread: Thread started: User threads 1-291
2022-05-23 14:18:22,638 INFO o.a.j.t.JMeterThread: Thread started: User threads 1-292
2022-05-23 14:18:22,656 INFO o.a.j.t.JMeterThread: Thread started: User threads 1-293
2022-05-23 14:18:22,676 INFO o.a.j.t.JMeterThread: Thread started: User threads 1-294
2022-05-23 14:18:22,699 INFO o.a.j.t.JMeterThread: Thread started: User threads 1-295
2022-05-23 14:18:22,720 INFO o.a.j.t.JMeterThread: Thread started: User threads 1-296
2022-05-23 14:18:22,741 INFO o.a.j.t.JMeterThread: Thread started: User threads 1-297
2022-05-23 14:18:22,763 INFO o.a.j.t.JMeterThread: Thread started: User threads 1-298
2022-05-23 14:18:22,783 INFO o.a.j.t.JMeterThread: Thread started: User threads 1-299
2022-05-23 14:18:22,801 INFO o.a.j.t.JMeterThread: Thread started: User threads 1-300
2022-05-23 14:18:22,822 INFO o.a.j.t.JMeterThread: Thread started: User threads 1-301
2022-05-23 14:18:22,842 INFO o.a.j.t.JMeterThread: Thread started: User threads 1-302
2022-05-23 14:18:22,864 INFO o.a.j.t.JMeterThread: Thread started: User threads 1-303
2022-05-23 14:18:22,885 INFO o.a.j.t.JMeterThread: Thread started: User threads 1-304
2022-05-23 14:18:22,904 INFO o.a.j.t.JMeterThread: Thread started: User threads 1-305
2022-05-23 14:18:22,923 INFO o.a.j.t.JMeterThread: Thread started: User threads 1-306
2022-05-23 14:18:22,941 INFO o.a.j.t.JMeterThread: Thread started: User threads 1-307
2022-05-23 14:18:22,961 INFO o.a.j.t.JMeterThread: Thread started: User threads 1-308
2022-05-23 14:18:22,980 INFO o.a.j.t.JMeterThread: Thread started: User threads 1-309
2022-05-23 14:18:23,002 INFO o.a.j.t.JMeterThread: Thread started: User threads 1-310
2022-05-23 14:18:23,022 INFO o.a.j.t.JMeterThread: Thread started: User threads 1-311
2022-05-23 14:18:23,041 INFO o.a.j.t.JMeterThread: Thread started: User threads 1-312
2022-05-23 14:18:23,061 INFO o.a.j.t.JMeterThread: Thread started: User threads 1-313
2022-05-23 14:18:23,079 INFO o.a.j.t.JMeterThread: Thread started: User threads 1-314
2022-05-23 14:18:23,100 INFO o.a.j.t.JMeterThread: Thread started: User threads 1-315
2022-05-23 14:18:23,118 INFO o.a.j.t.JMeterThread: Thread started: User threads 1-316
2022-05-23 14:18:23,138 INFO o.a.j.t.JMeterThread: Thread started: User threads 1-317
2022-05-23 14:18:23,157 INFO o.a.j.t.JMeterThread: Thread started: User threads 1-318
2022-05-23 14:18:23,175 INFO o.a.j.t.JMeterThread: Thread started: User threads 1-319
2022-05-23 14:18:23,195 INFO o.a.j.t.JMeterThread: Thread started: User threads 1-320
2022-05-23 14:18:23,214 INFO o.a.j.t.JMeterThread: Thread started: User threads 1-321
2022-05-23 14:18:23,234 INFO o.a.j.t.JMeterThread: Thread started: User threads 1-322
2022-05-23 14:18:23,256 INFO o.a.j.t.JMeterThread: Thread started: User threads 1-323
2022-05-23 14:18:23,276 INFO o.a.j.t.JMeterThread: Thread started: User threads 1-324
2022-05-23 14:18:23,299 INFO o.a.j.t.JMeterThread: Thread started: User threads 1-325
2022-05-23 14:18:23,318 INFO o.a.j.t.JMeterThread: Thread started: User threads 1-326
2022-05-23 14:18:23,338 INFO o.a.j.t.JMeterThread: Thread started: User threads 1-327
2022-05-23 14:18:23,360 INFO o.a.j.t.JMeterThread: Thread started: User threads 1-328
2022-05-23 14:18:23,379 INFO o.a.j.t.JMeterThread: Thread started: User threads 1-329
2022-05-23 14:18:23,398 INFO o.a.j.t.JMeterThread: Thread started: User threads 1-330
2022-05-23 14:18:23,418 INFO o.a.j.t.JMeterThread: Thread started: User threads 1-331
2022-05-23 14:18:23,440 INFO o.a.j.t.JMeterThread: Thread started: User threads 1-332
2022-05-23 14:18:23,461 INFO o.a.j.t.JMeterThread: Thread started: User threads 1-333
2022-05-23 14:18:23,482 INFO o.a.j.t.JMeterThread: Thread started: User threads 1-334
2022-05-23 14:18:23,502 INFO o.a.j.t.JMeterThread: Thread started: User threads 1-335
2022-05-23 14:18:23,521 INFO o.a.j.t.JMeterThread: Thread started: User threads 1-336
2022-05-23 14:18:23,540 INFO o.a.j.t.JMeterThread: Thread started: User threads 1-337
2022-05-23 14:18:23,560 INFO o.a.j.t.JMeterThread: Thread started: User threads 1-338
2022-05-23 14:18:23,579 INFO o.a.j.t.JMeterThread: Thread started: User threads 1-339
2022-05-23 14:18:23,601 INFO o.a.j.t.JMeterThread: Thread started: User threads 1-340
2022-05-23 14:18:23,621 INFO o.a.j.t.JMeterThread: Thread started: User threads 1-341
2022-05-23 14:18:23,639 INFO o.a.j.t.JMeterThread: Thread started: User threads 1-342
2022-05-23 14:18:23,661 INFO o.a.j.t.JMeterThread: Thread started: User threads 1-343
2022-05-23 14:18:23,679 INFO o.a.j.t.JMeterThread: Thread started: User threads 1-344
2022-05-23 14:18:23,700 INFO o.a.j.t.JMeterThread: Thread started: User threads 1-345
2022-05-23 14:18:23,722 INFO o.a.j.t.JMeterThread: Thread started: User threads 1-346
2022-05-23 14:18:23,741 INFO o.a.j.t.JMeterThread: Thread started: User threads 1-347
2022-05-23 14:18:23,762 INFO o.a.j.t.JMeterThread: Thread started: User threads 1-348
2022-05-23 14:18:23,782 INFO o.a.j.t.JMeterThread: Thread started: User threads 1-349
2022-05-23 14:18:23,801 INFO o.a.j.t.JMeterThread: Thread started: User threads 1-350
2022-05-23 14:18:23,819 INFO o.a.j.t.JMeterThread: Thread started: User threads 1-351
2022-05-23 14:18:23,837 INFO o.a.j.t.JMeterThread: Thread started: User threads 1-352
2022-05-23 14:18:23,856 INFO o.a.j.t.JMeterThread: Thread started: User threads 1-353
2022-05-23 14:18:23,874 INFO o.a.j.t.JMeterThread: Thread started: User threads 1-354
2022-05-23 14:18:23,892 INFO o.a.j.t.JMeterThread: Thread started: User threads 1-355
2022-05-23 14:18:23,910 INFO o.a.j.t.JMeterThread: Thread started: User threads 1-356
2022-05-23 14:18:23,927 INFO o.a.j.t.JMeterThread: Thread started: User threads 1-357
2022-05-23 14:18:23,945 INFO o.a.j.t.JMeterThread: Thread started: User threads 1-358
2022-05-23 14:18:23,964 INFO o.a.j.t.JMeterThread: Thread started: User threads 1-359
2022-05-23 14:18:23,981 INFO o.a.j.t.JMeterThread: Thread started: User threads 1-360
2022-05-23 14:18:23,999 INFO o.a.j.t.JMeterThread: Thread started: User threads 1-361
2022-05-23 14:18:24,019 INFO o.a.j.t.JMeterThread: Thread started: User threads 1-362
2022-05-23 14:18:24,037 INFO o.a.j.t.JMeterThread: Thread started: User threads 1-363
2022-05-23 14:18:24,055 INFO o.a.j.t.JMeterThread: Thread started: User threads 1-364
2022-05-23 14:18:24,072 INFO o.a.j.t.JMeterThread: Thread started: User threads 1-365
2022-05-23 14:18:24,090 INFO o.a.j.t.JMeterThread: Thread started: User threads 1-366
2022-05-23 14:18:24,108 INFO o.a.j.t.JMeterThread: Thread started: User threads 1-367
2022-05-23 14:18:24,127 INFO o.a.j.t.JMeterThread: Thread started: User threads 1-368
2022-05-23 14:18:24,146 INFO o.a.j.t.JMeterThread: Thread started: User threads 1-369
2022-05-23 14:18:24,164 INFO o.a.j.t.JMeterThread: Thread started: User threads 1-370
2022-05-23 14:18:24,184 INFO o.a.j.t.JMeterThread: Thread started: User threads 1-371
2022-05-23 14:18:24,206 INFO o.a.j.t.JMeterThread: Thread started: User threads 1-372
2022-05-23 14:18:24,223 INFO o.a.j.t.JMeterThread: Thread started: User threads 1-373
2022-05-23 14:18:24,241 INFO o.a.j.t.JMeterThread: Thread started: User threads 1-374
2022-05-23 14:18:24,262 INFO o.a.j.t.JMeterThread: Thread started: User threads 1-375
2022-05-23 14:18:24,280 INFO o.a.j.t.JMeterThread: Thread started: User threads 1-376
2022-05-23 14:18:24,299 INFO o.a.j.t.JMeterThread: Thread started: User threads 1-377
2022-05-23 14:18:24,318 INFO o.a.j.t.JMeterThread: Thread started: User threads 1-378
2022-05-23 14:18:24,335 INFO o.a.j.t.JMeterThread: Thread started: User threads 1-379
2022-05-23 14:18:24,354 INFO o.a.j.t.JMeterThread: Thread started: User threads 1-380
2022-05-23 14:18:24,371 INFO o.a.j.t.JMeterThread: Thread started: User threads 1-381
2022-05-23 14:18:24,389 INFO o.a.j.t.JMeterThread: Thread started: User threads 1-382
2022-05-23 14:18:24,410 INFO o.a.j.t.JMeterThread: Thread started: User threads 1-383
2022-05-23 14:18:24,432 INFO o.a.j.t.JMeterThread: Thread started: User threads 1-384
2022-05-23 14:18:24,451 INFO o.a.j.t.JMeterThread: Thread started: User threads 1-385
2022-05-23 14:18:24,470 INFO o.a.j.t.JMeterThread: Thread started: User threads 1-386
2022-05-23 14:18:24,487 INFO o.a.j.t.JMeterThread: Thread started: User threads 1-387
2022-05-23 14:18:24,507 INFO o.a.j.t.JMeterThread: Thread started: User threads 1-388
2022-05-23 14:18:24,526 INFO o.a.j.t.JMeterThread: Thread started: User threads 1-389
2022-05-23 14:18:24,544 INFO o.a.j.t.JMeterThread: Thread started: User threads 1-390
2022-05-23 14:18:24,563 INFO o.a.j.t.JMeterThread: Thread started: User threads 1-391
2022-05-23 14:18:24,582 INFO o.a.j.t.JMeterThread: Thread started: User threads 1-392
2022-05-23 14:18:24,600 INFO o.a.j.t.JMeterThread: Thread started: User threads 1-393
2022-05-23 14:18:24,618 INFO o.a.j.t.JMeterThread: Thread started: User threads 1-394
2022-05-23 14:18:24,636 INFO o.a.j.t.JMeterThread: Thread started: User threads 1-395
2022-05-23 14:18:24,654 INFO o.a.j.t.JMeterThread: Thread started: User threads 1-396
2022-05-23 14:18:24,671 INFO o.a.j.t.JMeterThread: Thread started: User threads 1-397
2022-05-23 14:18:24,692 INFO o.a.j.t.JMeterThread: Thread started: User threads 1-398
2022-05-23 14:18:24,711 INFO o.a.j.t.JMeterThread: Thread started: User threads 1-399
2022-05-23 14:18:24,733 INFO o.a.j.t.JMeterThread: Thread started: User threads 1-400
2022-05-23 14:18:24,750 INFO o.a.j.t.JMeterThread: Thread started: User threads 1-401
2022-05-23 14:18:24,771 INFO o.a.j.t.JMeterThread: Thread started: User threads 1-402
2022-05-23 14:18:24,789 INFO o.a.j.t.JMeterThread: Thread started: User threads 1-403
2022-05-23 14:18:24,811 INFO o.a.j.t.JMeterThread: Thread started: User threads 1-404
2022-05-23 14:18:24,833 INFO o.a.j.t.JMeterThread: Thread started: User threads 1-405
2022-05-23 14:18:24,850 INFO o.a.j.t.JMeterThread: Thread started: User threads 1-406
2022-05-23 14:18:24,869 INFO o.a.j.t.JMeterThread: Thread started: User threads 1-407
2022-05-23 14:18:24,888 INFO o.a.j.t.JMeterThread: Thread started: User threads 1-408
2022-05-23 14:18:24,908 INFO o.a.j.t.JMeterThread: Thread started: User threads 1-409
2022-05-23 14:18:24,926 INFO o.a.j.t.JMeterThread: Thread started: User threads 1-410
2022-05-23 14:18:24,945 INFO o.a.j.t.JMeterThread: Thread started: User threads 1-411
2022-05-23 14:18:24,962 INFO o.a.j.t.JMeterThread: Thread started: User threads 1-412
2022-05-23 14:18:24,982 INFO o.a.j.t.JMeterThread: Thread started: User threads 1-413
2022-05-23 14:18:24,999 INFO o.a.j.t.JMeterThread: Thread started: User threads 1-414
2022-05-23 14:18:25,017 INFO o.a.j.t.JMeterThread: Thread started: User threads 1-415
2022-05-23 14:18:25,034 INFO o.a.j.t.JMeterThread: Thread started: User threads 1-416
2022-05-23 14:18:25,051 INFO o.a.j.t.JMeterThread: Thread started: User threads 1-417
2022-05-23 14:18:25,068 INFO o.a.j.t.JMeterThread: Thread started: User threads 1-418
2022-05-23 14:18:25,085 INFO o.a.j.t.JMeterThread: Thread started: User threads 1-419
2022-05-23 14:18:25,104 INFO o.a.j.t.JMeterThread: Thread started: User threads 1-420
2022-05-23 14:18:25,120 INFO o.a.j.t.JMeterThread: Thread started: User threads 1-421
2022-05-23 14:18:25,138 INFO o.a.j.t.JMeterThread: Thread started: User threads 1-422
2022-05-23 14:18:25,154 INFO o.a.j.t.JMeterThread: Thread started: User threads 1-423
2022-05-23 14:18:25,175 INFO o.a.j.t.JMeterThread: Thread started: User threads 1-424
2022-05-23 14:18:25,192 INFO o.a.j.t.JMeterThread: Thread started: User threads 1-425
2022-05-23 14:18:25,210 INFO o.a.j.t.JMeterThread: Thread started: User threads 1-426
2022-05-23 14:18:25,227 INFO o.a.j.t.JMeterThread: Thread started: User threads 1-427
2022-05-23 14:18:25,245 INFO o.a.j.t.JMeterThread: Thread started: User threads 1-428
2022-05-23 14:18:25,263 INFO o.a.j.t.JMeterThread: Thread started: User threads 1-429
2022-05-23 14:18:25,281 INFO o.a.j.t.JMeterThread: Thread started: User threads 1-430
2022-05-23 14:18:25,297 INFO o.a.j.t.JMeterThread: Thread started: User threads 1-431
2022-05-23 14:18:25,316 INFO o.a.j.t.JMeterThread: Thread started: User threads 1-432
2022-05-23 14:18:25,335 INFO o.a.j.t.JMeterThread: Thread started: User threads 1-433
2022-05-23 14:18:25,351 INFO o.a.j.t.JMeterThread: Thread started: User threads 1-434
2022-05-23 14:18:25,369 INFO o.a.j.t.JMeterThread: Thread started: User threads 1-435
2022-05-23 14:18:25,385 INFO o.a.j.t.JMeterThread: Thread started: User threads 1-436
2022-05-23 14:18:25,403 INFO o.a.j.t.JMeterThread: Thread started: User threads 1-437
2022-05-23 14:18:25,420 INFO o.a.j.t.JMeterThread: Thread started: User threads 1-438
2022-05-23 14:18:25,437 INFO o.a.j.t.JMeterThread: Thread started: User threads 1-439
2022-05-23 14:18:25,456 INFO o.a.j.t.JMeterThread: Thread started: User threads 1-440
2022-05-23 14:18:25,475 INFO o.a.j.t.JMeterThread: Thread started: User threads 1-441
2022-05-23 14:18:25,495 INFO o.a.j.t.JMeterThread: Thread started: User threads 1-442
2022-05-23 14:18:25,515 INFO o.a.j.t.JMeterThread: Thread started: User threads 1-443
2022-05-23 14:18:25,532 INFO o.a.j.t.JMeterThread: Thread started: User threads 1-444
2022-05-23 14:18:25,549 INFO o.a.j.t.JMeterThread: Thread started: User threads 1-445
2022-05-23 14:18:25,567 INFO o.a.j.t.JMeterThread: Thread started: User threads 1-446
2022-05-23 14:18:25,585 INFO o.a.j.t.JMeterThread: Thread started: User threads 1-447
2022-05-23 14:18:25,602 INFO o.a.j.t.JMeterThread: Thread started: User threads 1-448
2022-05-23 14:18:25,619 INFO o.a.j.t.JMeterThread: Thread started: User threads 1-449
2022-05-23 14:18:25,636 INFO o.a.j.t.JMeterThread: Thread started: User threads 1-450
2022-05-23 14:18:25,656 INFO o.a.j.t.JMeterThread: Thread started: User threads 1-451
2022-05-23 14:18:25,671 INFO o.a.j.t.JMeterThread: Thread started: User threads 1-452
2022-05-23 14:18:25,688 INFO o.a.j.t.JMeterThread: Thread started: User threads 1-453
2022-05-23 14:18:25,705 INFO o.a.j.t.JMeterThread: Thread started: User threads 1-454
2022-05-23 14:18:25,721 INFO o.a.j.t.JMeterThread: Thread started: User threads 1-455
2022-05-23 14:18:25,738 INFO o.a.j.t.JMeterThread: Thread started: User threads 1-456
2022-05-23 14:18:25,757 INFO o.a.j.t.JMeterThread: Thread started: User threads 1-457
2022-05-23 14:18:25,773 INFO o.a.j.t.JMeterThread: Thread started: User threads 1-458
2022-05-23 14:18:25,788 INFO o.a.j.t.JMeterThread: Thread started: User threads 1-459
2022-05-23 14:18:25,804 INFO o.a.j.t.JMeterThread: Thread started: User threads 1-460
2022-05-23 14:18:25,820 INFO o.a.j.t.JMeterThread: Thread started: User threads 1-461
2022-05-23 14:18:25,837 INFO o.a.j.t.JMeterThread: Thread started: User threads 1-462
2022-05-23 14:18:25,853 INFO o.a.j.t.JMeterThread: Thread started: User threads 1-463
2022-05-23 14:18:25,869 INFO o.a.j.t.JMeterThread: Thread started: User threads 1-464
2022-05-23 14:18:25,885 INFO o.a.j.t.JMeterThread: Thread started: User threads 1-465
2022-05-23 14:18:25,900 INFO o.a.j.t.JMeterThread: Thread started: User threads 1-466
2022-05-23 14:18:25,916 INFO o.a.j.t.JMeterThread: Thread started: User threads 1-467
2022-05-23 14:18:25,933 INFO o.a.j.t.JMeterThread: Thread started: User threads 1-468
2022-05-23 14:18:25,948 INFO o.a.j.t.JMeterThread: Thread started: User threads 1-469
2022-05-23 14:18:25,967 INFO o.a.j.t.JMeterThread: Thread started: User threads 1-470
2022-05-23 14:18:25,982 INFO o.a.j.t.JMeterThread: Thread started: User threads 1-471
2022-05-23 14:18:25,997 INFO o.a.j.t.JMeterThread: Thread started: User threads 1-472
2022-05-23 14:18:26,013 INFO o.a.j.t.JMeterThread: Thread started: User threads 1-473
2022-05-23 14:18:26,028 INFO o.a.j.t.JMeterThread: Thread started: User threads 1-474
2022-05-23 14:18:26,044 INFO o.a.j.t.JMeterThread: Thread started: User threads 1-475
2022-05-23 14:18:26,060 INFO o.a.j.t.JMeterThread: Thread started: User threads 1-476
2022-05-23 14:18:26,075 INFO o.a.j.t.JMeterThread: Thread started: User threads 1-477
2022-05-23 14:18:26,093 INFO o.a.j.t.JMeterThread: Thread started: User threads 1-478
2022-05-23 14:18:26,108 INFO o.a.j.t.JMeterThread: Thread started: User threads 1-479
2022-05-23 14:18:26,127 INFO o.a.j.t.JMeterThread: Thread started: User threads 1-480
2022-05-23 14:18:26,141 INFO o.a.j.t.JMeterThread: Thread started: User threads 1-481
2022-05-23 14:18:26,155 INFO o.a.j.t.JMeterThread: Thread started: User threads 1-482
2022-05-23 14:18:26,172 INFO o.a.j.t.JMeterThread: Thread started: User threads 1-483
2022-05-23 14:18:26,189 INFO o.a.j.t.JMeterThread: Thread started: User threads 1-484
2022-05-23 14:18:26,204 INFO o.a.j.t.JMeterThread: Thread started: User threads 1-485
2022-05-23 14:18:26,219 INFO o.a.j.t.JMeterThread: Thread started: User threads 1-486
2022-05-23 14:18:26,234 INFO o.a.j.t.JMeterThread: Thread started: User threads 1-487
2022-05-23 14:18:26,248 INFO o.a.j.t.JMeterThread: Thread started: User threads 1-488
2022-05-23 14:18:26,265 INFO o.a.j.t.JMeterThread: Thread started: User threads 1-489
2022-05-23 14:18:26,280 INFO o.a.j.t.JMeterThread: Thread started: User threads 1-490
2022-05-23 14:18:26,294 INFO o.a.j.t.JMeterThread: Thread started: User threads 1-491
2022-05-23 14:18:26,310 INFO o.a.j.t.JMeterThread: Thread started: User threads 1-492
2022-05-23 14:18:26,326 INFO o.a.j.t.JMeterThread: Thread started: User threads 1-493
2022-05-23 14:18:26,341 INFO o.a.j.t.JMeterThread: Thread started: User threads 1-494
2022-05-23 14:18:26,353 INFO o.a.j.t.JMeterThread: Thread started: User threads 1-495
2022-05-23 14:18:26,366 INFO o.a.j.t.JMeterThread: Thread started: User threads 1-496
2022-05-23 14:18:26,380 INFO o.a.j.t.JMeterThread: Thread started: User threads 1-497
2022-05-23 14:18:26,391 INFO o.a.j.t.JMeterThread: Thread started: User threads 1-498
2022-05-23 14:18:26,405 INFO o.a.j.t.JMeterThread: Thread started: User threads 1-499
2022-05-23 14:18:26,415 INFO o.a.j.t.JMeterThread: Thread started: User threads 1-500
2022-05-23 14:18:30,336 INFO o.a.j.r.Summariser: summary +    422 in 00:00:14 =   30.2/s Avg:  3036 Min:   198 Max:  8586 Err:     0 (0.00%) Active: 500 Started: 500 Finished: 0
2022-05-23 14:19:00,187 INFO o.a.j.r.Summariser: summary +    729 in 00:00:30 =   24.4/s Avg: 16868 Min:   597 Max: 36200 Err:     0 (0.00%) Active: 500 Started: 500 Finished: 0
2022-05-23 14:19:00,187 INFO o.a.j.r.Summariser: summary =   1151 in 00:00:44 =   26.3/s Avg: 11797 Min:   198 Max: 36200 Err:     0 (0.00%)
2022-05-23 14:19:30,034 INFO o.a.j.r.Summariser: summary +    479 in 00:00:30 =   16.0/s Avg: 19698 Min:   809 Max: 40347 Err:     0 (0.00%) Active: 500 Started: 500 Finished: 0
2022-05-23 14:19:30,035 INFO o.a.j.r.Summariser: summary =   1630 in 00:01:14 =   22.1/s Avg: 14118 Min:   198 Max: 40347 Err:     0 (0.00%)
2022-05-23 14:19:33,090 INFO o.a.j.r.ResultCollector: Shutdown hook started
