2022-05-23 11:20:25,186 INFO o.a.j.u.JMeterUtils: Setting Locale to en_EN
2022-05-23 11:20:25,211 INFO o.a.j.JMeter: Loading user properties from: /usr/local/Cellar/jmeter/5.4.3/libexec/bin/user.properties
2022-05-23 11:20:25,211 INFO o.a.j.JMeter: Loading system properties from: /usr/local/Cellar/jmeter/5.4.3/libexec/bin/system.properties
2022-05-23 11:20:25,218 INFO o.a.j.JMeter: Copyright (c) 1998-2021 The Apache Software Foundation
2022-05-23 11:20:25,218 INFO o.a.j.JMeter: Version 5.4.3
2022-05-23 11:20:25,218 INFO o.a.j.JMeter: java.version=18.0.1
2022-05-23 11:20:25,218 INFO o.a.j.JMeter: java.vm.name=OpenJDK 64-Bit Server VM
2022-05-23 11:20:25,218 INFO o.a.j.JMeter: os.name=Mac OS X
2022-05-23 11:20:25,218 INFO o.a.j.JMeter: os.arch=x86_64
2022-05-23 11:20:25,218 INFO o.a.j.JMeter: os.version=11.5.2
2022-05-23 11:20:25,218 INFO o.a.j.JMeter: file.encoding=UTF-8
2022-05-23 11:20:25,218 INFO o.a.j.JMeter: java.awt.headless=true
2022-05-23 11:20:25,219 INFO o.a.j.JMeter: Max memory     =1073741824
2022-05-23 11:20:25,219 INFO o.a.j.JMeter: Available Processors =8
2022-05-23 11:20:25,228 INFO o.a.j.JMeter: Default Locale=English (EN)
2022-05-23 11:20:25,229 INFO o.a.j.JMeter: JMeter  Locale=English (EN)
2022-05-23 11:20:25,229 INFO o.a.j.JMeter: JMeterHome=/usr/local/Cellar/jmeter/5.4.3/libexec
2022-05-23 11:20:25,229 INFO o.a.j.JMeter: user.dir  =/Users/gokhansimsek/Desktop/sidekick-load-testing/thundra-sidekick-petclinic-demo/petclinic-app
2022-05-23 11:20:25,229 INFO o.a.j.JMeter: PWD       =/Users/gokhansimsek/Desktop/sidekick-load-testing/thundra-sidekick-petclinic-demo/petclinic-app
2022-05-23 11:20:25,230 INFO o.a.j.JMeter: IP: 192.168.68.53 Name: gokhansimseks-MacBook-Pro.local FullName: 192.168.68.53
2022-05-23 11:20:25,237 INFO o.a.j.s.FileServer: Default base='/Users/gokhansimsek/Desktop/sidekick-load-testing/thundra-sidekick-petclinic-demo/petclinic-app'
2022-05-23 11:20:25,238 INFO o.a.j.s.FileServer: Set new base='/Users/gokhansimsek/Desktop/sidekick-load-testing/thundra-sidekick-petclinic-demo/petclinic-app/./src/test/jmeter'
2022-05-23 11:20:25,437 INFO o.a.j.s.SaveService: Testplan (JMX) version: 2.2. Testlog (JTL) version: 2.2
2022-05-23 11:20:25,462 INFO o.a.j.s.SaveService: Using SaveService properties version 5.0
2022-05-23 11:20:25,465 INFO o.a.j.s.SaveService: Using SaveService properties file encoding UTF-8
2022-05-23 11:20:25,467 INFO o.a.j.s.SaveService: Loading file: ./src/test/jmeter/petclinic_test_plan.jmx
2022-05-23 11:20:25,501 INFO o.a.j.p.h.c.CookieManager: Settings: Delete null: true Check: true Allow variable: true Save: false Prefix: COOKIE_
2022-05-23 11:20:25,515 INFO o.a.j.p.h.s.HTTPSamplerBase: Parser for text/html is org.apache.jmeter.protocol.http.parser.LagartoBasedHtmlParser
2022-05-23 11:20:25,515 INFO o.a.j.p.h.s.HTTPSamplerBase: Parser for application/xhtml+xml is org.apache.jmeter.protocol.http.parser.LagartoBasedHtmlParser
2022-05-23 11:20:25,515 INFO o.a.j.p.h.s.HTTPSamplerBase: Parser for application/xml is org.apache.jmeter.protocol.http.parser.LagartoBasedHtmlParser
2022-05-23 11:20:25,515 INFO o.a.j.p.h.s.HTTPSamplerBase: Parser for text/xml is org.apache.jmeter.protocol.http.parser.LagartoBasedHtmlParser
2022-05-23 11:20:25,515 INFO o.a.j.p.h.s.HTTPSamplerBase: Parser for text/vnd.wap.wml is org.apache.jmeter.protocol.http.parser.RegexpHTMLParser
2022-05-23 11:20:25,515 INFO o.a.j.p.h.s.HTTPSamplerBase: Parser for text/css is org.apache.jmeter.protocol.http.parser.CssParser
2022-05-23 11:20:25,548 INFO o.a.j.JMeter: Creating summariser <summary>
2022-05-23 11:20:25,553 INFO o.a.j.e.StandardJMeterEngine: Running the test!
2022-05-23 11:20:25,554 INFO o.a.j.s.SampleEvent: List of sample_variables: []
2022-05-23 11:20:25,554 INFO o.a.j.s.SampleEvent: List of sample_variables: []
2022-05-23 11:20:25,558 INFO o.a.j.e.u.CompoundVariable: Note: Function class names must contain the string: '.functions.'
2022-05-23 11:20:25,558 INFO o.a.j.e.u.CompoundVariable: Note: Function class names must not contain the string: '.gui.'
2022-05-23 11:20:25,632 INFO o.a.j.JMeter: Running test (1653294025632)
2022-05-23 11:20:25,654 INFO o.a.j.e.StandardJMeterEngine: Starting ThreadGroup: 1 : User threads
2022-05-23 11:20:25,655 INFO o.a.j.e.StandardJMeterEngine: Starting 500 threads for group User threads.
2022-05-23 11:20:25,655 INFO o.a.j.e.StandardJMeterEngine: Thread will continue on error
2022-05-23 11:20:25,655 INFO o.a.j.t.ThreadGroup: Starting thread group... number=1 threads=500 ramp-up=10 delayedStart=true
2022-05-23 11:20:25,655 INFO o.a.j.t.ThreadGroup: Started thread group number 1
2022-05-23 11:20:25,655 INFO o.a.j.e.StandardJMeterEngine: All thread groups have been started
2022-05-23 11:20:25,661 INFO o.a.j.t.JMeterThread: Thread started: User threads 1-1
2022-05-23 11:20:25,687 INFO o.a.j.t.JMeterThread: Thread started: User threads 1-2
2022-05-23 11:20:25,713 INFO o.a.j.t.JMeterThread: Thread started: User threads 1-3
2022-05-23 11:20:25,738 INFO o.a.j.t.JMeterThread: Thread started: User threads 1-4
2022-05-23 11:20:25,761 INFO o.a.j.t.JMeterThread: Thread started: User threads 1-5
2022-05-23 11:20:25,783 INFO o.a.j.t.JMeterThread: Thread started: User threads 1-6
2022-05-23 11:20:25,809 INFO o.a.j.t.JMeterThread: Thread started: User threads 1-7
2022-05-23 11:20:25,833 INFO o.a.j.t.JMeterThread: Thread started: User threads 1-8
2022-05-23 11:20:25,860 INFO o.a.j.t.JMeterThread: Thread started: User threads 1-9
2022-05-23 11:20:25,885 INFO o.a.j.t.JMeterThread: Thread started: User threads 1-10
2022-05-23 11:20:25,912 INFO o.a.j.t.JMeterThread: Thread started: User threads 1-11
2022-05-23 11:20:25,937 INFO o.a.j.t.JMeterThread: Thread started: User threads 1-12
2022-05-23 11:20:25,959 INFO o.a.j.t.JMeterThread: Thread started: User threads 1-13
2022-05-23 11:20:25,981 INFO o.a.j.t.JMeterThread: Thread started: User threads 1-14
2022-05-23 11:20:25,982 INFO o.a.j.p.h.s.HTTPHCAbstractImpl: Local host = gokhansimseks-MacBook-Pro.local
2022-05-23 11:20:25,987 INFO o.a.j.p.h.s.HTTPHC4Impl: HTTP request retry count = 0
2022-05-23 11:20:25,989 INFO o.a.j.s.SampleResult: Note: Sample TimeStamps are START times
2022-05-23 11:20:25,989 INFO o.a.j.s.SampleResult: sampleresult.default.encoding is set to ISO-8859-1
2022-05-23 11:20:25,989 INFO o.a.j.s.SampleResult: sampleresult.useNanoTime=true
2022-05-23 11:20:25,989 INFO o.a.j.s.SampleResult: sampleresult.nanoThreadSleep=5000
2022-05-23 11:20:26,002 INFO o.a.j.t.JMeterThread: Thread started: User threads 1-15
2022-05-23 11:20:26,025 INFO o.a.j.t.JMeterThread: Thread started: User threads 1-16
2022-05-23 11:20:26,050 INFO o.a.j.t.JMeterThread: Thread started: User threads 1-17
2022-05-23 11:20:26,071 INFO o.a.j.t.JMeterThread: Thread started: User threads 1-18
2022-05-23 11:20:26,092 INFO o.a.j.t.JMeterThread: Thread started: User threads 1-19
2022-05-23 11:20:26,114 INFO o.a.j.t.JMeterThread: Thread started: User threads 1-20
2022-05-23 11:20:26,137 INFO o.a.j.t.JMeterThread: Thread started: User threads 1-21
2022-05-23 11:20:26,162 INFO o.a.j.t.JMeterThread: Thread started: User threads 1-22
2022-05-23 11:20:26,187 INFO o.a.j.t.JMeterThread: Thread started: User threads 1-23
2022-05-23 11:20:26,209 INFO o.a.j.t.JMeterThread: Thread started: User threads 1-24
2022-05-23 11:20:26,229 INFO o.a.j.t.JMeterThread: Thread started: User threads 1-25
2022-05-23 11:20:26,251 INFO o.a.j.t.JMeterThread: Thread started: User threads 1-26
2022-05-23 11:20:26,273 INFO o.a.j.t.JMeterThread: Thread started: User threads 1-27
2022-05-23 11:20:26,298 INFO o.a.j.t.JMeterThread: Thread started: User threads 1-28
2022-05-23 11:20:26,319 INFO o.a.j.t.JMeterThread: Thread started: User threads 1-29
2022-05-23 11:20:26,340 INFO o.a.j.t.JMeterThread: Thread started: User threads 1-30
2022-05-23 11:20:26,360 INFO o.a.j.t.JMeterThread: Thread started: User threads 1-31
2022-05-23 11:20:26,381 INFO o.a.j.t.JMeterThread: Thread started: User threads 1-32
2022-05-23 11:20:26,403 INFO o.a.j.t.JMeterThread: Thread started: User threads 1-33
2022-05-23 11:20:26,425 INFO o.a.j.t.JMeterThread: Thread started: User threads 1-34
2022-05-23 11:20:26,446 INFO o.a.j.t.JMeterThread: Thread started: User threads 1-35
2022-05-23 11:20:26,466 INFO o.a.j.t.JMeterThread: Thread started: User threads 1-36
2022-05-23 11:20:26,487 INFO o.a.j.t.JMeterThread: Thread started: User threads 1-37
2022-05-23 11:20:26,513 INFO o.a.j.t.JMeterThread: Thread started: User threads 1-38
2022-05-23 11:20:26,536 INFO o.a.j.t.JMeterThread: Thread started: User threads 1-39
2022-05-23 11:20:26,561 INFO o.a.j.t.JMeterThread: Thread started: User threads 1-40
2022-05-23 11:20:26,581 INFO o.a.j.t.JMeterThread: Thread started: User threads 1-41
2022-05-23 11:20:26,603 INFO o.a.j.t.JMeterThread: Thread started: User threads 1-42
2022-05-23 11:20:26,627 INFO o.a.j.t.JMeterThread: Thread started: User threads 1-43
2022-05-23 11:20:26,647 INFO o.a.j.t.JMeterThread: Thread started: User threads 1-44
2022-05-23 11:20:26,669 INFO o.a.j.t.JMeterThread: Thread started: User threads 1-45
2022-05-23 11:20:26,690 INFO o.a.j.t.JMeterThread: Thread started: User threads 1-46
2022-05-23 11:20:26,711 INFO o.a.j.t.JMeterThread: Thread started: User threads 1-47
2022-05-23 11:20:26,732 INFO o.a.j.t.JMeterThread: Thread started: User threads 1-48
2022-05-23 11:20:26,753 INFO o.a.j.t.JMeterThread: Thread started: User threads 1-49
2022-05-23 11:20:26,773 INFO o.a.j.t.JMeterThread: Thread started: User threads 1-50
2022-05-23 11:20:26,794 INFO o.a.j.t.JMeterThread: Thread started: User threads 1-51
2022-05-23 11:20:26,815 INFO o.a.j.t.JMeterThread: Thread started: User threads 1-52
2022-05-23 11:20:26,838 INFO o.a.j.t.JMeterThread: Thread started: User threads 1-53
2022-05-23 11:20:26,860 INFO o.a.j.t.JMeterThread: Thread started: User threads 1-54
2022-05-23 11:20:26,882 INFO o.a.j.t.JMeterThread: Thread started: User threads 1-55
2022-05-23 11:20:26,904 INFO o.a.j.t.JMeterThread: Thread started: User threads 1-56
2022-05-23 11:20:26,929 INFO o.a.j.t.JMeterThread: Thread started: User threads 1-57
2022-05-23 11:20:26,950 INFO o.a.j.t.JMeterThread: Thread started: User threads 1-58
2022-05-23 11:20:26,971 INFO o.a.j.t.JMeterThread: Thread started: User threads 1-59
2022-05-23 11:20:26,993 INFO o.a.j.t.JMeterThread: Thread started: User threads 1-60
2022-05-23 11:20:27,014 INFO o.a.j.t.JMeterThread: Thread started: User threads 1-61
2022-05-23 11:20:27,036 INFO o.a.j.t.JMeterThread: Thread started: User threads 1-62
2022-05-23 11:20:27,061 INFO o.a.j.t.JMeterThread: Thread started: User threads 1-63
2022-05-23 11:20:27,082 INFO o.a.j.t.JMeterThread: Thread started: User threads 1-64
2022-05-23 11:20:27,104 INFO o.a.j.t.JMeterThread: Thread started: User threads 1-65
2022-05-23 11:20:27,126 INFO o.a.j.t.JMeterThread: Thread started: User threads 1-66
2022-05-23 11:20:27,150 INFO o.a.j.t.JMeterThread: Thread started: User threads 1-67
2022-05-23 11:20:27,172 INFO o.a.j.t.JMeterThread: Thread started: User threads 1-68
2022-05-23 11:20:27,193 INFO o.a.j.t.JMeterThread: Thread started: User threads 1-69
2022-05-23 11:20:27,213 INFO o.a.j.t.JMeterThread: Thread started: User threads 1-70
2022-05-23 11:20:27,235 INFO o.a.j.t.JMeterThread: Thread started: User threads 1-71
2022-05-23 11:20:27,257 INFO o.a.j.t.JMeterThread: Thread started: User threads 1-72
2022-05-23 11:20:27,278 INFO o.a.j.t.JMeterThread: Thread started: User threads 1-73
2022-05-23 11:20:27,302 INFO o.a.j.t.JMeterThread: Thread started: User threads 1-74
2022-05-23 11:20:27,325 INFO o.a.j.t.JMeterThread: Thread started: User threads 1-75
2022-05-23 11:20:27,346 INFO o.a.j.t.JMeterThread: Thread started: User threads 1-76
2022-05-23 11:20:27,370 INFO o.a.j.t.JMeterThread: Thread started: User threads 1-77
2022-05-23 11:20:27,393 INFO o.a.j.t.JMeterThread: Thread started: User threads 1-78
2022-05-23 11:20:27,414 INFO o.a.j.t.JMeterThread: Thread started: User threads 1-79
2022-05-23 11:20:27,434 INFO o.a.j.t.JMeterThread: Thread started: User threads 1-80
2022-05-23 11:20:27,455 INFO o.a.j.t.JMeterThread: Thread started: User threads 1-81
2022-05-23 11:20:27,476 INFO o.a.j.t.JMeterThread: Thread started: User threads 1-82
2022-05-23 11:20:27,499 INFO o.a.j.t.JMeterThread: Thread started: User threads 1-83
2022-05-23 11:20:27,522 INFO o.a.j.t.JMeterThread: Thread started: User threads 1-84
2022-05-23 11:20:27,542 INFO o.a.j.t.JMeterThread: Thread started: User threads 1-85
2022-05-23 11:20:27,564 INFO o.a.j.t.JMeterThread: Thread started: User threads 1-86
2022-05-23 11:20:27,585 INFO o.a.j.t.JMeterThread: Thread started: User threads 1-87
2022-05-23 11:20:27,606 INFO o.a.j.t.JMeterThread: Thread started: User threads 1-88
2022-05-23 11:20:27,627 INFO o.a.j.t.JMeterThread: Thread started: User threads 1-89
2022-05-23 11:20:27,651 INFO o.a.j.t.JMeterThread: Thread started: User threads 1-90
2022-05-23 11:20:27,676 INFO o.a.j.t.JMeterThread: Thread started: User threads 1-91
2022-05-23 11:20:27,696 INFO o.a.j.t.JMeterThread: Thread started: User threads 1-92
2022-05-23 11:20:27,719 INFO o.a.j.t.JMeterThread: Thread started: User threads 1-93
2022-05-23 11:20:27,738 INFO o.a.j.t.JMeterThread: Thread started: User threads 1-94
2022-05-23 11:20:27,759 INFO o.a.j.t.JMeterThread: Thread started: User threads 1-95
2022-05-23 11:20:27,783 INFO o.a.j.t.JMeterThread: Thread started: User threads 1-96
2022-05-23 11:20:27,803 INFO o.a.j.t.JMeterThread: Thread started: User threads 1-97
2022-05-23 11:20:27,822 INFO o.a.j.t.JMeterThread: Thread started: User threads 1-98
2022-05-23 11:20:27,842 INFO o.a.j.t.JMeterThread: Thread started: User threads 1-99
2022-05-23 11:20:27,864 INFO o.a.j.t.JMeterThread: Thread started: User threads 1-100
2022-05-23 11:20:27,888 INFO o.a.j.t.JMeterThread: Thread started: User threads 1-101
2022-05-23 11:20:27,923 INFO o.a.j.t.JMeterThread: Thread started: User threads 1-102
2022-05-23 11:20:27,934 INFO o.a.j.t.JMeterThread: Thread started: User threads 1-103
2022-05-23 11:20:27,957 INFO o.a.j.t.JMeterThread: Thread started: User threads 1-104
2022-05-23 11:20:27,976 INFO o.a.j.t.JMeterThread: Thread started: User threads 1-105
2022-05-23 11:20:27,999 INFO o.a.j.t.JMeterThread: Thread started: User threads 1-106
2022-05-23 11:20:28,024 INFO o.a.j.t.JMeterThread: Thread started: User threads 1-107
2022-05-23 11:20:28,044 INFO o.a.j.t.JMeterThread: Thread started: User threads 1-108
2022-05-23 11:20:28,066 INFO o.a.j.t.JMeterThread: Thread started: User threads 1-109
2022-05-23 11:20:28,086 INFO o.a.j.t.JMeterThread: Thread started: User threads 1-110
2022-05-23 11:20:28,107 INFO o.a.j.t.JMeterThread: Thread started: User threads 1-111
2022-05-23 11:20:28,129 INFO o.a.j.t.JMeterThread: Thread started: User threads 1-112
2022-05-23 11:20:28,150 INFO o.a.j.t.JMeterThread: Thread started: User threads 1-113
2022-05-23 11:20:28,173 INFO o.a.j.t.JMeterThread: Thread started: User threads 1-114
2022-05-23 11:20:28,192 INFO o.a.j.t.JMeterThread: Thread started: User threads 1-115
2022-05-23 11:20:28,215 INFO o.a.j.t.JMeterThread: Thread started: User threads 1-116
2022-05-23 11:20:28,235 INFO o.a.j.t.JMeterThread: Thread started: User threads 1-117
2022-05-23 11:20:28,258 INFO o.a.j.t.JMeterThread: Thread started: User threads 1-118
2022-05-23 11:20:28,280 INFO o.a.j.t.JMeterThread: Thread started: User threads 1-119
2022-05-23 11:20:28,301 INFO o.a.j.t.JMeterThread: Thread started: User threads 1-120
2022-05-23 11:20:28,323 INFO o.a.j.t.JMeterThread: Thread started: User threads 1-121
2022-05-23 11:20:28,344 INFO o.a.j.t.JMeterThread: Thread started: User threads 1-122
2022-05-23 11:20:28,364 INFO o.a.j.t.JMeterThread: Thread started: User threads 1-123
2022-05-23 11:20:28,383 INFO o.a.j.t.JMeterThread: Thread started: User threads 1-124
2022-05-23 11:20:28,403 INFO o.a.j.t.JMeterThread: Thread started: User threads 1-125
2022-05-23 11:20:28,427 INFO o.a.j.t.JMeterThread: Thread started: User threads 1-126
2022-05-23 11:20:28,451 INFO o.a.j.t.JMeterThread: Thread started: User threads 1-127
2022-05-23 11:20:28,471 INFO o.a.j.t.JMeterThread: Thread started: User threads 1-128
2022-05-23 11:20:28,493 INFO o.a.j.t.JMeterThread: Thread started: User threads 1-129
2022-05-23 11:20:28,515 INFO o.a.j.t.JMeterThread: Thread started: User threads 1-130
2022-05-23 11:20:28,536 INFO o.a.j.t.JMeterThread: Thread started: User threads 1-131
2022-05-23 11:20:28,558 INFO o.a.j.t.JMeterThread: Thread started: User threads 1-132
2022-05-23 11:20:28,580 INFO o.a.j.t.JMeterThread: Thread started: User threads 1-133
2022-05-23 11:20:28,600 INFO o.a.j.t.JMeterThread: Thread started: User threads 1-134
2022-05-23 11:20:28,619 INFO o.a.j.t.JMeterThread: Thread started: User threads 1-135
2022-05-23 11:20:28,640 INFO o.a.j.t.JMeterThread: Thread started: User threads 1-136
2022-05-23 11:20:28,663 INFO o.a.j.t.JMeterThread: Thread started: User threads 1-137
2022-05-23 11:20:28,683 INFO o.a.j.t.JMeterThread: Thread started: User threads 1-138
2022-05-23 11:20:28,704 INFO o.a.j.t.JMeterThread: Thread started: User threads 1-139
2022-05-23 11:20:28,725 INFO o.a.j.t.JMeterThread: Thread started: User threads 1-140
2022-05-23 11:20:28,745 INFO o.a.j.t.JMeterThread: Thread started: User threads 1-141
2022-05-23 11:20:28,766 INFO o.a.j.t.JMeterThread: Thread started: User threads 1-142
2022-05-23 11:20:28,789 INFO o.a.j.t.JMeterThread: Thread started: User threads 1-143
2022-05-23 11:20:28,810 INFO o.a.j.t.JMeterThread: Thread started: User threads 1-144
2022-05-23 11:20:28,833 INFO o.a.j.t.JMeterThread: Thread started: User threads 1-145
2022-05-23 11:20:28,856 INFO o.a.j.t.JMeterThread: Thread started: User threads 1-146
2022-05-23 11:20:28,877 INFO o.a.j.t.JMeterThread: Thread started: User threads 1-147
2022-05-23 11:20:28,900 INFO o.a.j.t.JMeterThread: Thread started: User threads 1-148
2022-05-23 11:20:28,923 INFO o.a.j.t.JMeterThread: Thread started: User threads 1-149
2022-05-23 11:20:28,942 INFO o.a.j.t.JMeterThread: Thread started: User threads 1-150
2022-05-23 11:20:28,965 INFO o.a.j.t.JMeterThread: Thread started: User threads 1-151
2022-05-23 11:20:28,988 INFO o.a.j.t.JMeterThread: Thread started: User threads 1-152
2022-05-23 11:20:29,010 INFO o.a.j.t.JMeterThread: Thread started: User threads 1-153
2022-05-23 11:20:29,031 INFO o.a.j.t.JMeterThread: Thread started: User threads 1-154
2022-05-23 11:20:29,051 INFO o.a.j.t.JMeterThread: Thread started: User threads 1-155
2022-05-23 11:20:29,072 INFO o.a.j.t.JMeterThread: Thread started: User threads 1-156
2022-05-23 11:20:29,095 INFO o.a.j.t.JMeterThread: Thread started: User threads 1-157
2022-05-23 11:20:29,116 INFO o.a.j.t.JMeterThread: Thread started: User threads 1-158
2022-05-23 11:20:29,139 INFO o.a.j.t.JMeterThread: Thread started: User threads 1-159
2022-05-23 11:20:29,160 INFO o.a.j.t.JMeterThread: Thread started: User threads 1-160
2022-05-23 11:20:29,180 INFO o.a.j.t.JMeterThread: Thread started: User threads 1-161
2022-05-23 11:20:29,200 INFO o.a.j.t.JMeterThread: Thread started: User threads 1-162
2022-05-23 11:20:29,223 INFO o.a.j.t.JMeterThread: Thread started: User threads 1-163
2022-05-23 11:20:29,242 INFO o.a.j.t.JMeterThread: Thread started: User threads 1-164
2022-05-23 11:20:29,265 INFO o.a.j.t.JMeterThread: Thread started: User threads 1-165
2022-05-23 11:20:29,285 INFO o.a.j.t.JMeterThread: Thread started: User threads 1-166
2022-05-23 11:20:29,306 INFO o.a.j.t.JMeterThread: Thread started: User threads 1-167
2022-05-23 11:20:29,328 INFO o.a.j.t.JMeterThread: Thread started: User threads 1-168
2022-05-23 11:20:29,348 INFO o.a.j.t.JMeterThread: Thread started: User threads 1-169
2022-05-23 11:20:29,371 INFO o.a.j.t.JMeterThread: Thread started: User threads 1-170
2022-05-23 11:20:29,393 INFO o.a.j.t.JMeterThread: Thread started: User threads 1-171
2022-05-23 11:20:29,413 INFO o.a.j.t.JMeterThread: Thread started: User threads 1-172
2022-05-23 11:20:29,436 INFO o.a.j.t.JMeterThread: Thread started: User threads 1-173
2022-05-23 11:20:29,456 INFO o.a.j.t.JMeterThread: Thread started: User threads 1-174
2022-05-23 11:20:29,475 INFO o.a.j.t.JMeterThread: Thread started: User threads 1-175
2022-05-23 11:20:29,495 INFO o.a.j.t.JMeterThread: Thread started: User threads 1-176
2022-05-23 11:20:29,514 INFO o.a.j.t.JMeterThread: Thread started: User threads 1-177
2022-05-23 11:20:29,537 INFO o.a.j.t.JMeterThread: Thread started: User threads 1-178
2022-05-23 11:20:29,558 INFO o.a.j.t.JMeterThread: Thread started: User threads 1-179
2022-05-23 11:20:29,578 INFO o.a.j.t.JMeterThread: Thread started: User threads 1-180
2022-05-23 11:20:29,598 INFO o.a.j.t.JMeterThread: Thread started: User threads 1-181
2022-05-23 11:20:29,619 INFO o.a.j.t.JMeterThread: Thread started: User threads 1-182
2022-05-23 11:20:29,640 INFO o.a.j.t.JMeterThread: Thread started: User threads 1-183
2022-05-23 11:20:29,660 INFO o.a.j.t.JMeterThread: Thread started: User threads 1-184
2022-05-23 11:20:29,682 INFO o.a.j.t.JMeterThread: Thread started: User threads 1-185
2022-05-23 11:20:29,703 INFO o.a.j.t.JMeterThread: Thread started: User threads 1-186
2022-05-23 11:20:29,725 INFO o.a.j.t.JMeterThread: Thread started: User threads 1-187
2022-05-23 11:20:29,745 INFO o.a.j.t.JMeterThread: Thread started: User threads 1-188
2022-05-23 11:20:29,765 INFO o.a.j.t.JMeterThread: Thread started: User threads 1-189
2022-05-23 11:20:29,784 INFO o.a.j.t.JMeterThread: Thread started: User threads 1-190
2022-05-23 11:20:29,804 INFO o.a.j.t.JMeterThread: Thread started: User threads 1-191
2022-05-23 11:20:29,823 INFO o.a.j.t.JMeterThread: Thread started: User threads 1-192
2022-05-23 11:20:29,843 INFO o.a.j.t.JMeterThread: Thread started: User threads 1-193
2022-05-23 11:20:29,863 INFO o.a.j.t.JMeterThread: Thread started: User threads 1-194
2022-05-23 11:20:29,882 INFO o.a.j.t.JMeterThread: Thread started: User threads 1-195
2022-05-23 11:20:29,902 INFO o.a.j.t.JMeterThread: Thread started: User threads 1-196
2022-05-23 11:20:29,926 INFO o.a.j.t.JMeterThread: Thread started: User threads 1-197
2022-05-23 11:20:29,945 INFO o.a.j.t.JMeterThread: Thread started: User threads 1-198
2022-05-23 11:20:29,967 INFO o.a.j.t.JMeterThread: Thread started: User threads 1-199
2022-05-23 11:20:29,988 INFO o.a.j.t.JMeterThread: Thread started: User threads 1-200
2022-05-23 11:20:30,009 INFO o.a.j.t.JMeterThread: Thread started: User threads 1-201
2022-05-23 11:20:30,025 INFO o.a.j.r.Summariser: summary +    116 in 00:00:04 =   26.4/s Avg:  1169 Min:    18 Max:  3002 Err:     0 (0.00%) Active: 201 Started: 201 Finished: 0
2022-05-23 11:20:30,031 INFO o.a.j.t.JMeterThread: Thread started: User threads 1-202
2022-05-23 11:20:30,052 INFO o.a.j.t.JMeterThread: Thread started: User threads 1-203
2022-05-23 11:20:30,073 INFO o.a.j.t.JMeterThread: Thread started: User threads 1-204
2022-05-23 11:20:30,093 INFO o.a.j.t.JMeterThread: Thread started: User threads 1-205
2022-05-23 11:20:30,114 INFO o.a.j.t.JMeterThread: Thread started: User threads 1-206
2022-05-23 11:20:30,134 INFO o.a.j.t.JMeterThread: Thread started: User threads 1-207
2022-05-23 11:20:30,157 INFO o.a.j.t.JMeterThread: Thread started: User threads 1-208
2022-05-23 11:20:30,179 INFO o.a.j.t.JMeterThread: Thread started: User threads 1-209
2022-05-23 11:20:30,200 INFO o.a.j.t.JMeterThread: Thread started: User threads 1-210
2022-05-23 11:20:30,221 INFO o.a.j.t.JMeterThread: Thread started: User threads 1-211
2022-05-23 11:20:30,241 INFO o.a.j.t.JMeterThread: Thread started: User threads 1-212
2022-05-23 11:20:30,260 INFO o.a.j.t.JMeterThread: Thread started: User threads 1-213
2022-05-23 11:20:30,284 INFO o.a.j.t.JMeterThread: Thread started: User threads 1-214
2022-05-23 11:20:30,308 INFO o.a.j.t.JMeterThread: Thread started: User threads 1-215
2022-05-23 11:20:30,337 INFO o.a.j.t.JMeterThread: Thread started: User threads 1-216
2022-05-23 11:20:30,357 INFO o.a.j.t.JMeterThread: Thread started: User threads 1-217
2022-05-23 11:20:30,379 INFO o.a.j.t.JMeterThread: Thread started: User threads 1-218
2022-05-23 11:20:30,398 INFO o.a.j.t.JMeterThread: Thread started: User threads 1-219
2022-05-23 11:20:30,422 INFO o.a.j.t.JMeterThread: Thread started: User threads 1-220
2022-05-23 11:20:30,443 INFO o.a.j.t.JMeterThread: Thread started: User threads 1-221
2022-05-23 11:20:30,463 INFO o.a.j.t.JMeterThread: Thread started: User threads 1-222
2022-05-23 11:20:30,484 INFO o.a.j.t.JMeterThread: Thread started: User threads 1-223
2022-05-23 11:20:30,505 INFO o.a.j.t.JMeterThread: Thread started: User threads 1-224
2022-05-23 11:20:30,525 INFO o.a.j.t.JMeterThread: Thread started: User threads 1-225
2022-05-23 11:20:30,544 INFO o.a.j.t.JMeterThread: Thread started: User threads 1-226
2022-05-23 11:20:30,567 INFO o.a.j.t.JMeterThread: Thread started: User threads 1-227
2022-05-23 11:20:30,587 INFO o.a.j.t.JMeterThread: Thread started: User threads 1-228
2022-05-23 11:20:30,607 INFO o.a.j.t.JMeterThread: Thread started: User threads 1-229
2022-05-23 11:20:30,627 INFO o.a.j.t.JMeterThread: Thread started: User threads 1-230
2022-05-23 11:20:30,646 INFO o.a.j.t.JMeterThread: Thread started: User threads 1-231
2022-05-23 11:20:30,666 INFO o.a.j.t.JMeterThread: Thread started: User threads 1-232
2022-05-23 11:20:30,686 INFO o.a.j.t.JMeterThread: Thread started: User threads 1-233
2022-05-23 11:20:30,705 INFO o.a.j.t.JMeterThread: Thread started: User threads 1-234
2022-05-23 11:20:30,727 INFO o.a.j.t.JMeterThread: Thread started: User threads 1-235
2022-05-23 11:20:30,749 INFO o.a.j.t.JMeterThread: Thread started: User threads 1-236
2022-05-23 11:20:30,769 INFO o.a.j.t.JMeterThread: Thread started: User threads 1-237
2022-05-23 11:20:30,790 INFO o.a.j.t.JMeterThread: Thread started: User threads 1-238
2022-05-23 11:20:30,812 INFO o.a.j.t.JMeterThread: Thread started: User threads 1-239
2022-05-23 11:20:30,833 INFO o.a.j.t.JMeterThread: Thread started: User threads 1-240
2022-05-23 11:20:30,855 INFO o.a.j.t.JMeterThread: Thread started: User threads 1-241
2022-05-23 11:20:30,875 INFO o.a.j.t.JMeterThread: Thread started: User threads 1-242
2022-05-23 11:20:30,895 INFO o.a.j.t.JMeterThread: Thread started: User threads 1-243
2022-05-23 11:20:30,916 INFO o.a.j.t.JMeterThread: Thread started: User threads 1-244
2022-05-23 11:20:30,936 INFO o.a.j.t.JMeterThread: Thread started: User threads 1-245
2022-05-23 11:20:30,955 INFO o.a.j.t.JMeterThread: Thread started: User threads 1-246
2022-05-23 11:20:30,975 INFO o.a.j.t.JMeterThread: Thread started: User threads 1-247
2022-05-23 11:20:30,994 INFO o.a.j.t.JMeterThread: Thread started: User threads 1-248
2022-05-23 11:20:31,014 INFO o.a.j.t.JMeterThread: Thread started: User threads 1-249
2022-05-23 11:20:31,033 INFO o.a.j.t.JMeterThread: Thread started: User threads 1-250
2022-05-23 11:20:31,054 INFO o.a.j.t.JMeterThread: Thread started: User threads 1-251
2022-05-23 11:20:31,073 INFO o.a.j.t.JMeterThread: Thread started: User threads 1-252
2022-05-23 11:20:31,094 INFO o.a.j.t.JMeterThread: Thread started: User threads 1-253
2022-05-23 11:20:31,112 INFO o.a.j.t.JMeterThread: Thread started: User threads 1-254
2022-05-23 11:20:31,131 INFO o.a.j.t.JMeterThread: Thread started: User threads 1-255
2022-05-23 11:20:31,151 INFO o.a.j.t.JMeterThread: Thread started: User threads 1-256
2022-05-23 11:20:31,170 INFO o.a.j.t.JMeterThread: Thread started: User threads 1-257
2022-05-23 11:20:31,188 INFO o.a.j.t.JMeterThread: Thread started: User threads 1-258
2022-05-23 11:20:31,208 INFO o.a.j.t.JMeterThread: Thread started: User threads 1-259
2022-05-23 11:20:31,226 INFO o.a.j.t.JMeterThread: Thread started: User threads 1-260
2022-05-23 11:20:31,245 INFO o.a.j.t.JMeterThread: Thread started: User threads 1-261
2022-05-23 11:20:31,263 INFO o.a.j.t.JMeterThread: Thread started: User threads 1-262
2022-05-23 11:20:31,283 INFO o.a.j.t.JMeterThread: Thread started: User threads 1-263
2022-05-23 11:20:31,302 INFO o.a.j.t.JMeterThread: Thread started: User threads 1-264
2022-05-23 11:20:31,321 INFO o.a.j.t.JMeterThread: Thread started: User threads 1-265
2022-05-23 11:20:31,340 INFO o.a.j.t.JMeterThread: Thread started: User threads 1-266
2022-05-23 11:20:31,359 INFO o.a.j.t.JMeterThread: Thread started: User threads 1-267
2022-05-23 11:20:31,379 INFO o.a.j.t.JMeterThread: Thread started: User threads 1-268
2022-05-23 11:20:31,398 INFO o.a.j.t.JMeterThread: Thread started: User threads 1-269
2022-05-23 11:20:31,417 INFO o.a.j.t.JMeterThread: Thread started: User threads 1-270
2022-05-23 11:20:31,435 INFO o.a.j.t.JMeterThread: Thread started: User threads 1-271
2022-05-23 11:20:31,456 INFO o.a.j.t.JMeterThread: Thread started: User threads 1-272
2022-05-23 11:20:31,474 INFO o.a.j.t.JMeterThread: Thread started: User threads 1-273
2022-05-23 11:20:31,493 INFO o.a.j.t.JMeterThread: Thread started: User threads 1-274
2022-05-23 11:20:31,512 INFO o.a.j.t.JMeterThread: Thread started: User threads 1-275
2022-05-23 11:20:31,534 INFO o.a.j.t.JMeterThread: Thread started: User threads 1-276
2022-05-23 11:20:31,553 INFO o.a.j.t.JMeterThread: Thread started: User threads 1-277
2022-05-23 11:20:31,573 INFO o.a.j.t.JMeterThread: Thread started: User threads 1-278
2022-05-23 11:20:31,592 INFO o.a.j.t.JMeterThread: Thread started: User threads 1-279
2022-05-23 11:20:31,610 INFO o.a.j.t.JMeterThread: Thread started: User threads 1-280
2022-05-23 11:20:31,630 INFO o.a.j.t.JMeterThread: Thread started: User threads 1-281
2022-05-23 11:20:31,651 INFO o.a.j.t.JMeterThread: Thread started: User threads 1-282
2022-05-23 11:20:31,673 INFO o.a.j.t.JMeterThread: Thread started: User threads 1-283
2022-05-23 11:20:31,692 INFO o.a.j.t.JMeterThread: Thread started: User threads 1-284
2022-05-23 11:20:31,710 INFO o.a.j.t.JMeterThread: Thread started: User threads 1-285
2022-05-23 11:20:31,729 INFO o.a.j.t.JMeterThread: Thread started: User threads 1-286
2022-05-23 11:20:31,751 INFO o.a.j.t.JMeterThread: Thread started: User threads 1-287
2022-05-23 11:20:31,770 INFO o.a.j.t.JMeterThread: Thread started: User threads 1-288
2022-05-23 11:20:31,789 INFO o.a.j.t.JMeterThread: Thread started: User threads 1-289
2022-05-23 11:20:31,809 INFO o.a.j.t.JMeterThread: Thread started: User threads 1-290
2022-05-23 11:20:31,828 INFO o.a.j.t.JMeterThread: Thread started: User threads 1-291
2022-05-23 11:20:31,847 INFO o.a.j.t.JMeterThread: Thread started: User threads 1-292
2022-05-23 11:20:31,866 INFO o.a.j.t.JMeterThread: Thread started: User threads 1-293
2022-05-23 11:20:31,885 INFO o.a.j.t.JMeterThread: Thread started: User threads 1-294
2022-05-23 11:20:31,906 INFO o.a.j.t.JMeterThread: Thread started: User threads 1-295
2022-05-23 11:20:31,926 INFO o.a.j.t.JMeterThread: Thread started: User threads 1-296
2022-05-23 11:20:31,947 INFO o.a.j.t.JMeterThread: Thread started: User threads 1-297
2022-05-23 11:20:31,969 INFO o.a.j.t.JMeterThread: Thread started: User threads 1-298
2022-05-23 11:20:31,990 INFO o.a.j.t.JMeterThread: Thread started: User threads 1-299
2022-05-23 11:20:32,011 INFO o.a.j.t.JMeterThread: Thread started: User threads 1-300
2022-05-23 11:20:32,030 INFO o.a.j.t.JMeterThread: Thread started: User threads 1-301
2022-05-23 11:20:32,051 INFO o.a.j.t.JMeterThread: Thread started: User threads 1-302
2022-05-23 11:20:32,070 INFO o.a.j.t.JMeterThread: Thread started: User threads 1-303
2022-05-23 11:20:32,088 INFO o.a.j.t.JMeterThread: Thread started: User threads 1-304
2022-05-23 11:20:32,109 INFO o.a.j.t.JMeterThread: Thread started: User threads 1-305
2022-05-23 11:20:32,130 INFO o.a.j.t.JMeterThread: Thread started: User threads 1-306
2022-05-23 11:20:32,151 INFO o.a.j.t.JMeterThread: Thread started: User threads 1-307
2022-05-23 11:20:32,172 INFO o.a.j.t.JMeterThread: Thread started: User threads 1-308
2022-05-23 11:20:32,192 INFO o.a.j.t.JMeterThread: Thread started: User threads 1-309
2022-05-23 11:20:32,211 INFO o.a.j.t.JMeterThread: Thread started: User threads 1-310
2022-05-23 11:20:32,230 INFO o.a.j.t.JMeterThread: Thread started: User threads 1-311
2022-05-23 11:20:32,248 INFO o.a.j.t.JMeterThread: Thread started: User threads 1-312
2022-05-23 11:20:32,268 INFO o.a.j.t.JMeterThread: Thread started: User threads 1-313
2022-05-23 11:20:32,287 INFO o.a.j.t.JMeterThread: Thread started: User threads 1-314
2022-05-23 11:20:32,305 INFO o.a.j.t.JMeterThread: Thread started: User threads 1-315
2022-05-23 11:20:32,324 INFO o.a.j.t.JMeterThread: Thread started: User threads 1-316
2022-05-23 11:20:32,344 INFO o.a.j.t.JMeterThread: Thread started: User threads 1-317
2022-05-23 11:20:32,363 INFO o.a.j.t.JMeterThread: Thread started: User threads 1-318
2022-05-23 11:20:32,382 INFO o.a.j.t.JMeterThread: Thread started: User threads 1-319
2022-05-23 11:20:32,400 INFO o.a.j.t.JMeterThread: Thread started: User threads 1-320
2022-05-23 11:20:32,419 INFO o.a.j.t.JMeterThread: Thread started: User threads 1-321
2022-05-23 11:20:32,437 INFO o.a.j.t.JMeterThread: Thread started: User threads 1-322
2022-05-23 11:20:32,457 INFO o.a.j.t.JMeterThread: Thread started: User threads 1-323
2022-05-23 11:20:32,477 INFO o.a.j.t.JMeterThread: Thread started: User threads 1-324
2022-05-23 11:20:32,499 INFO o.a.j.t.JMeterThread: Thread started: User threads 1-325
2022-05-23 11:20:32,518 INFO o.a.j.t.JMeterThread: Thread started: User threads 1-326
2022-05-23 11:20:32,537 INFO o.a.j.t.JMeterThread: Thread started: User threads 1-327
2022-05-23 11:20:32,555 INFO o.a.j.t.JMeterThread: Thread started: User threads 1-328
2022-05-23 11:20:32,574 INFO o.a.j.t.JMeterThread: Thread started: User threads 1-329
2022-05-23 11:20:32,592 INFO o.a.j.t.JMeterThread: Thread started: User threads 1-330
2022-05-23 11:20:32,612 INFO o.a.j.t.JMeterThread: Thread started: User threads 1-331
2022-05-23 11:20:32,638 INFO o.a.j.t.JMeterThread: Thread started: User threads 1-332
2022-05-23 11:20:32,658 INFO o.a.j.t.JMeterThread: Thread started: User threads 1-333
2022-05-23 11:20:32,678 INFO o.a.j.t.JMeterThread: Thread started: User threads 1-334
2022-05-23 11:20:32,698 INFO o.a.j.t.JMeterThread: Thread started: User threads 1-335
2022-05-23 11:20:32,717 INFO o.a.j.t.JMeterThread: Thread started: User threads 1-336
2022-05-23 11:20:32,737 INFO o.a.j.t.JMeterThread: Thread started: User threads 1-337
2022-05-23 11:20:32,757 INFO o.a.j.t.JMeterThread: Thread started: User threads 1-338
2022-05-23 11:20:32,776 INFO o.a.j.t.JMeterThread: Thread started: User threads 1-339
2022-05-23 11:20:32,795 INFO o.a.j.t.JMeterThread: Thread started: User threads 1-340
2022-05-23 11:20:32,814 INFO o.a.j.t.JMeterThread: Thread started: User threads 1-341
2022-05-23 11:20:32,836 INFO o.a.j.t.JMeterThread: Thread started: User threads 1-342
2022-05-23 11:20:32,855 INFO o.a.j.t.JMeterThread: Thread started: User threads 1-343
2022-05-23 11:20:32,876 INFO o.a.j.t.JMeterThread: Thread started: User threads 1-344
2022-05-23 11:20:32,895 INFO o.a.j.t.JMeterThread: Thread started: User threads 1-345
2022-05-23 11:20:32,916 INFO o.a.j.t.JMeterThread: Thread started: User threads 1-346
2022-05-23 11:20:32,937 INFO o.a.j.t.JMeterThread: Thread started: User threads 1-347
2022-05-23 11:20:32,956 INFO o.a.j.t.JMeterThread: Thread started: User threads 1-348
2022-05-23 11:20:32,978 INFO o.a.j.t.JMeterThread: Thread started: User threads 1-349
2022-05-23 11:20:32,997 INFO o.a.j.t.JMeterThread: Thread started: User threads 1-350
2022-05-23 11:20:33,016 INFO o.a.j.t.JMeterThread: Thread started: User threads 1-351
2022-05-23 11:20:33,038 INFO o.a.j.t.JMeterThread: Thread started: User threads 1-352
2022-05-23 11:20:33,058 INFO o.a.j.t.JMeterThread: Thread started: User threads 1-353
2022-05-23 11:20:33,077 INFO o.a.j.t.JMeterThread: Thread started: User threads 1-354
2022-05-23 11:20:33,098 INFO o.a.j.t.JMeterThread: Thread started: User threads 1-355
2022-05-23 11:20:33,119 INFO o.a.j.t.JMeterThread: Thread started: User threads 1-356
2022-05-23 11:20:33,140 INFO o.a.j.t.JMeterThread: Thread started: User threads 1-357
2022-05-23 11:20:33,158 INFO o.a.j.t.JMeterThread: Thread started: User threads 1-358
2022-05-23 11:20:33,177 INFO o.a.j.t.JMeterThread: Thread started: User threads 1-359
2022-05-23 11:20:33,196 INFO o.a.j.t.JMeterThread: Thread started: User threads 1-360
2022-05-23 11:20:33,216 INFO o.a.j.t.JMeterThread: Thread started: User threads 1-361
2022-05-23 11:20:33,236 INFO o.a.j.t.JMeterThread: Thread started: User threads 1-362
2022-05-23 11:20:33,255 INFO o.a.j.t.JMeterThread: Thread started: User threads 1-363
2022-05-23 11:20:33,277 INFO o.a.j.t.JMeterThread: Thread started: User threads 1-364
2022-05-23 11:20:33,299 INFO o.a.j.t.JMeterThread: Thread started: User threads 1-365
2022-05-23 11:20:33,320 INFO o.a.j.t.JMeterThread: Thread started: User threads 1-366
2022-05-23 11:20:33,340 INFO o.a.j.t.JMeterThread: Thread started: User threads 1-367
2022-05-23 11:20:33,359 INFO o.a.j.t.JMeterThread: Thread started: User threads 1-368
2022-05-23 11:20:33,379 INFO o.a.j.t.JMeterThread: Thread started: User threads 1-369
2022-05-23 11:20:33,401 INFO o.a.j.t.JMeterThread: Thread started: User threads 1-370
2022-05-23 11:20:33,420 INFO o.a.j.t.JMeterThread: Thread started: User threads 1-371
2022-05-23 11:20:33,439 INFO o.a.j.t.JMeterThread: Thread started: User threads 1-372
2022-05-23 11:20:33,461 INFO o.a.j.t.JMeterThread: Thread started: User threads 1-373
2022-05-23 11:20:33,478 INFO o.a.j.t.JMeterThread: Thread started: User threads 1-374
2022-05-23 11:20:33,498 INFO o.a.j.t.JMeterThread: Thread started: User threads 1-375
2022-05-23 11:20:33,517 INFO o.a.j.t.JMeterThread: Thread started: User threads 1-376
2022-05-23 11:20:33,538 INFO o.a.j.t.JMeterThread: Thread started: User threads 1-377
2022-05-23 11:20:33,556 INFO o.a.j.t.JMeterThread: Thread started: User threads 1-378
2022-05-23 11:20:33,574 INFO o.a.j.t.JMeterThread: Thread started: User threads 1-379
2022-05-23 11:20:33,596 INFO o.a.j.t.JMeterThread: Thread started: User threads 1-380
2022-05-23 11:20:33,616 INFO o.a.j.t.JMeterThread: Thread started: User threads 1-381
2022-05-23 11:20:33,636 INFO o.a.j.t.JMeterThread: Thread started: User threads 1-382
2022-05-23 11:20:33,655 INFO o.a.j.t.JMeterThread: Thread started: User threads 1-383
2022-05-23 11:20:33,676 INFO o.a.j.t.JMeterThread: Thread started: User threads 1-384
2022-05-23 11:20:33,694 INFO o.a.j.t.JMeterThread: Thread started: User threads 1-385
2022-05-23 11:20:33,712 INFO o.a.j.t.JMeterThread: Thread started: User threads 1-386
2022-05-23 11:20:33,729 INFO o.a.j.t.JMeterThread: Thread started: User threads 1-387
2022-05-23 11:20:33,748 INFO o.a.j.t.JMeterThread: Thread started: User threads 1-388
2022-05-23 11:20:33,767 INFO o.a.j.t.JMeterThread: Thread started: User threads 1-389
2022-05-23 11:20:33,785 INFO o.a.j.t.JMeterThread: Thread started: User threads 1-390
2022-05-23 11:20:33,803 INFO o.a.j.t.JMeterThread: Thread started: User threads 1-391
2022-05-23 11:20:33,820 INFO o.a.j.t.JMeterThread: Thread started: User threads 1-392
2022-05-23 11:20:33,840 INFO o.a.j.t.JMeterThread: Thread started: User threads 1-393
2022-05-23 11:20:33,859 INFO o.a.j.t.JMeterThread: Thread started: User threads 1-394
2022-05-23 11:20:33,877 INFO o.a.j.t.JMeterThread: Thread started: User threads 1-395
2022-05-23 11:20:33,896 INFO o.a.j.t.JMeterThread: Thread started: User threads 1-396
2022-05-23 11:20:33,917 INFO o.a.j.t.JMeterThread: Thread started: User threads 1-397
2022-05-23 11:20:33,937 INFO o.a.j.t.JMeterThread: Thread started: User threads 1-398
2022-05-23 11:20:33,957 INFO o.a.j.t.JMeterThread: Thread started: User threads 1-399
2022-05-23 11:20:33,977 INFO o.a.j.t.JMeterThread: Thread started: User threads 1-400
2022-05-23 11:20:33,995 INFO o.a.j.t.JMeterThread: Thread started: User threads 1-401
2022-05-23 11:20:34,014 INFO o.a.j.t.JMeterThread: Thread started: User threads 1-402
2022-05-23 11:20:34,032 INFO o.a.j.t.JMeterThread: Thread started: User threads 1-403
2022-05-23 11:20:34,050 INFO o.a.j.t.JMeterThread: Thread started: User threads 1-404
2022-05-23 11:20:34,069 INFO o.a.j.t.JMeterThread: Thread started: User threads 1-405
2022-05-23 11:20:34,086 INFO o.a.j.t.JMeterThread: Thread started: User threads 1-406
2022-05-23 11:20:34,108 INFO o.a.j.t.JMeterThread: Thread started: User threads 1-407
2022-05-23 11:20:34,126 INFO o.a.j.t.JMeterThread: Thread started: User threads 1-408
2022-05-23 11:20:34,143 INFO o.a.j.t.JMeterThread: Thread started: User threads 1-409
2022-05-23 11:20:34,165 INFO o.a.j.t.JMeterThread: Thread started: User threads 1-410
2022-05-23 11:20:34,185 INFO o.a.j.t.JMeterThread: Thread started: User threads 1-411
2022-05-23 11:20:34,204 INFO o.a.j.t.JMeterThread: Thread started: User threads 1-412
2022-05-23 11:20:34,221 INFO o.a.j.t.JMeterThread: Thread started: User threads 1-413
2022-05-23 11:20:34,238 INFO o.a.j.t.JMeterThread: Thread started: User threads 1-414
2022-05-23 11:20:34,256 INFO o.a.j.t.JMeterThread: Thread started: User threads 1-415
2022-05-23 11:20:34,276 INFO o.a.j.t.JMeterThread: Thread started: User threads 1-416
2022-05-23 11:20:34,292 INFO o.a.j.t.JMeterThread: Thread started: User threads 1-417
2022-05-23 11:20:34,309 INFO o.a.j.t.JMeterThread: Thread started: User threads 1-418
2022-05-23 11:20:34,328 INFO o.a.j.t.JMeterThread: Thread started: User threads 1-419
2022-05-23 11:20:34,344 INFO o.a.j.t.JMeterThread: Thread started: User threads 1-420
2022-05-23 11:20:34,361 INFO o.a.j.t.JMeterThread: Thread started: User threads 1-421
2022-05-23 11:20:34,377 INFO o.a.j.t.JMeterThread: Thread started: User threads 1-422
2022-05-23 11:20:34,394 INFO o.a.j.t.JMeterThread: Thread started: User threads 1-423
2022-05-23 11:20:34,412 INFO o.a.j.t.JMeterThread: Thread started: User threads 1-424
2022-05-23 11:20:34,432 INFO o.a.j.t.JMeterThread: Thread started: User threads 1-425
2022-05-23 11:20:34,449 INFO o.a.j.t.JMeterThread: Thread started: User threads 1-426
2022-05-23 11:20:34,469 INFO o.a.j.t.JMeterThread: Thread started: User threads 1-427
2022-05-23 11:20:34,486 INFO o.a.j.t.JMeterThread: Thread started: User threads 1-428
2022-05-23 11:20:34,503 INFO o.a.j.t.JMeterThread: Thread started: User threads 1-429
2022-05-23 11:20:34,522 INFO o.a.j.t.JMeterThread: Thread started: User threads 1-430
2022-05-23 11:20:34,539 INFO o.a.j.t.JMeterThread: Thread started: User threads 1-431
2022-05-23 11:20:34,556 INFO o.a.j.t.JMeterThread: Thread started: User threads 1-432
2022-05-23 11:20:34,573 INFO o.a.j.t.JMeterThread: Thread started: User threads 1-433
2022-05-23 11:20:34,589 INFO o.a.j.t.JMeterThread: Thread started: User threads 1-434
2022-05-23 11:20:34,606 INFO o.a.j.t.JMeterThread: Thread started: User threads 1-435
2022-05-23 11:20:34,623 INFO o.a.j.t.JMeterThread: Thread started: User threads 1-436
2022-05-23 11:20:34,643 INFO o.a.j.t.JMeterThread: Thread started: User threads 1-437
2022-05-23 11:20:34,661 INFO o.a.j.t.JMeterThread: Thread started: User threads 1-438
2022-05-23 11:20:34,677 INFO o.a.j.t.JMeterThread: Thread started: User threads 1-439
2022-05-23 11:20:34,695 INFO o.a.j.t.JMeterThread: Thread started: User threads 1-440
2022-05-23 11:20:34,711 INFO o.a.j.t.JMeterThread: Thread started: User threads 1-441
2022-05-23 11:20:34,729 INFO o.a.j.t.JMeterThread: Thread started: User threads 1-442
2022-05-23 11:20:34,750 INFO o.a.j.t.JMeterThread: Thread started: User threads 1-443
2022-05-23 11:20:34,767 INFO o.a.j.t.JMeterThread: Thread started: User threads 1-444
2022-05-23 11:20:34,784 INFO o.a.j.t.JMeterThread: Thread started: User threads 1-445
2022-05-23 11:20:34,803 INFO o.a.j.t.JMeterThread: Thread started: User threads 1-446
2022-05-23 11:20:34,820 INFO o.a.j.t.JMeterThread: Thread started: User threads 1-447
2022-05-23 11:20:34,837 INFO o.a.j.t.JMeterThread: Thread started: User threads 1-448
2022-05-23 11:20:34,854 INFO o.a.j.t.JMeterThread: Thread started: User threads 1-449
2022-05-23 11:20:34,871 INFO o.a.j.t.JMeterThread: Thread started: User threads 1-450
2022-05-23 11:20:34,891 INFO o.a.j.t.JMeterThread: Thread started: User threads 1-451
2022-05-23 11:20:34,911 INFO o.a.j.t.JMeterThread: Thread started: User threads 1-452
2022-05-23 11:20:34,928 INFO o.a.j.t.JMeterThread: Thread started: User threads 1-453
2022-05-23 11:20:34,944 INFO o.a.j.t.JMeterThread: Thread started: User threads 1-454
2022-05-23 11:20:34,962 INFO o.a.j.t.JMeterThread: Thread started: User threads 1-455
2022-05-23 11:20:34,979 INFO o.a.j.t.JMeterThread: Thread started: User threads 1-456
2022-05-23 11:20:34,995 INFO o.a.j.t.JMeterThread: Thread started: User threads 1-457
2022-05-23 11:20:35,011 INFO o.a.j.t.JMeterThread: Thread started: User threads 1-458
2022-05-23 11:20:35,027 INFO o.a.j.t.JMeterThread: Thread started: User threads 1-459
2022-05-23 11:20:35,042 INFO o.a.j.t.JMeterThread: Thread started: User threads 1-460
2022-05-23 11:20:35,058 INFO o.a.j.t.JMeterThread: Thread started: User threads 1-461
2022-05-23 11:20:35,073 INFO o.a.j.t.JMeterThread: Thread started: User threads 1-462
2022-05-23 11:20:35,089 INFO o.a.j.t.JMeterThread: Thread started: User threads 1-463
2022-05-23 11:20:35,108 INFO o.a.j.t.JMeterThread: Thread started: User threads 1-464
2022-05-23 11:20:35,125 INFO o.a.j.t.JMeterThread: Thread started: User threads 1-465
2022-05-23 11:20:35,142 INFO o.a.j.t.JMeterThread: Thread started: User threads 1-466
2022-05-23 11:20:35,158 INFO o.a.j.t.JMeterThread: Thread started: User threads 1-467
2022-05-23 11:20:35,175 INFO o.a.j.t.JMeterThread: Thread started: User threads 1-468
2022-05-23 11:20:35,193 INFO o.a.j.t.JMeterThread: Thread started: User threads 1-469
2022-05-23 11:20:35,212 INFO o.a.j.t.JMeterThread: Thread started: User threads 1-470
2022-05-23 11:20:35,227 INFO o.a.j.t.JMeterThread: Thread started: User threads 1-471
2022-05-23 11:20:35,244 INFO o.a.j.t.JMeterThread: Thread started: User threads 1-472
2022-05-23 11:20:35,262 INFO o.a.j.t.JMeterThread: Thread started: User threads 1-473
2022-05-23 11:20:35,277 INFO o.a.j.t.JMeterThread: Thread started: User threads 1-474
2022-05-23 11:20:35,293 INFO o.a.j.t.JMeterThread: Thread started: User threads 1-475
2022-05-23 11:20:35,308 INFO o.a.j.t.JMeterThread: Thread started: User threads 1-476
2022-05-23 11:20:35,324 INFO o.a.j.t.JMeterThread: Thread started: User threads 1-477
2022-05-23 11:20:35,340 INFO o.a.j.t.JMeterThread: Thread started: User threads 1-478
2022-05-23 11:20:35,357 INFO o.a.j.t.JMeterThread: Thread started: User threads 1-479
2022-05-23 11:20:35,371 INFO o.a.j.t.JMeterThread: Thread started: User threads 1-480
2022-05-23 11:20:35,387 INFO o.a.j.t.JMeterThread: Thread started: User threads 1-481
2022-05-23 11:20:35,402 INFO o.a.j.t.JMeterThread: Thread started: User threads 1-482
2022-05-23 11:20:35,417 INFO o.a.j.t.JMeterThread: Thread started: User threads 1-483
2022-05-23 11:20:35,433 INFO o.a.j.t.JMeterThread: Thread started: User threads 1-484
2022-05-23 11:20:35,447 INFO o.a.j.t.JMeterThread: Thread started: User threads 1-485
2022-05-23 11:20:35,462 INFO o.a.j.t.JMeterThread: Thread started: User threads 1-486
2022-05-23 11:20:35,480 INFO o.a.j.t.JMeterThread: Thread started: User threads 1-487
2022-05-23 11:20:35,494 INFO o.a.j.t.JMeterThread: Thread started: User threads 1-488
2022-05-23 11:20:35,508 INFO o.a.j.t.JMeterThread: Thread started: User threads 1-489
2022-05-23 11:20:35,524 INFO o.a.j.t.JMeterThread: Thread started: User threads 1-490
2022-05-23 11:20:35,538 INFO o.a.j.t.JMeterThread: Thread started: User threads 1-491
2022-05-23 11:20:35,552 INFO o.a.j.t.JMeterThread: Thread started: User threads 1-492
2022-05-23 11:20:35,565 INFO o.a.j.t.JMeterThread: Thread started: User threads 1-493
2022-05-23 11:20:35,582 INFO o.a.j.t.JMeterThread: Thread started: User threads 1-494
2022-05-23 11:20:35,595 INFO o.a.j.t.JMeterThread: Thread started: User threads 1-495
2022-05-23 11:20:35,610 INFO o.a.j.t.JMeterThread: Thread started: User threads 1-496
2022-05-23 11:20:35,623 INFO o.a.j.t.JMeterThread: Thread started: User threads 1-497
2022-05-23 11:20:35,634 INFO o.a.j.t.JMeterThread: Thread started: User threads 1-498
2022-05-23 11:20:35,646 INFO o.a.j.t.JMeterThread: Thread started: User threads 1-499
2022-05-23 11:20:35,656 INFO o.a.j.t.JMeterThread: Thread started: User threads 1-500
2022-05-23 11:21:00,191 INFO o.a.j.r.Summariser: summary +    630 in 00:00:30 =   20.9/s Avg: 10850 Min:   283 Max: 29557 Err:     0 (0.00%) Active: 500 Started: 500 Finished: 0
2022-05-23 11:21:00,192 INFO o.a.j.r.Summariser: summary =    746 in 00:00:35 =   21.6/s Avg:  9344 Min:    18 Max: 29557 Err:     0 (0.00%)
2022-05-23 11:21:09,849 INFO o.a.j.r.ResultCollector: Shutdown hook started
2022-05-23 11:21:09,850 INFO o.a.j.r.ResultCollector: Shutdown hook ended
